2023-03-18 10:51:49,253 | INFO | move left
2023-03-18 10:53:40,163 | INFO | move right
2023-03-18 10:53:40,264 | INFO | move right
2023-03-18 10:53:41,268 | INFO | move right
2023-03-18 10:53:42,171 | INFO | move right
2023-03-18 10:53:43,376 | INFO | move left
2023-03-18 10:53:43,978 | INFO | move left
2023-03-18 10:53:44,581 | INFO | move left
2023-03-18 10:53:47,291 | INFO | move right
2023-03-18 10:53:48,094 | INFO | move right
2023-03-18 10:53:50,202 | INFO | move right
2023-03-18 10:53:50,302 | INFO | move right
2023-03-18 10:53:52,511 | INFO | move right
2023-03-18 10:53:53,114 | INFO | move right
2023-03-18 10:53:53,214 | INFO | move right
2023-03-18 10:53:54,419 | INFO | move right
2023-03-18 10:53:55,022 | INFO | move right
2023-03-18 10:53:57,130 | INFO | move right
2023-03-18 10:53:57,230 | INFO | move right
2023-03-18 10:53:57,331 | INFO | move right
2023-03-18 10:53:57,833 | INFO | move right
2023-03-18 10:53:58,134 | INFO | move right
2023-03-18 10:53:58,234 | INFO | move right
2023-03-18 10:53:58,335 | INFO | move right
2023-03-18 10:53:58,637 | INFO | move right
2023-03-18 10:53:58,738 | INFO | move right
2023-03-18 10:53:58,838 | INFO | move right
2023-03-18 10:53:59,139 | INFO | move right
2023-03-18 10:53:59,239 | INFO | move right
2023-03-18 10:53:59,440 | INFO | move right
2023-03-18 10:53:59,540 | INFO | move right
2023-03-18 10:53:59,641 | INFO | move right
2023-03-18 10:53:59,742 | INFO | move right
2023-03-18 10:53:59,842 | INFO | move right
2023-03-18 10:53:59,942 | INFO | move right
2023-03-18 10:54:00,043 | INFO | move right
2023-03-18 10:54:00,143 | INFO | move right
2023-03-18 10:54:00,243 | INFO | move right
2023-03-18 10:54:00,344 | INFO | move right
2023-03-18 10:54:00,444 | INFO | move right
2023-03-18 10:54:00,545 | INFO | move right
2023-03-18 10:54:00,645 | INFO | move right
2023-03-18 10:54:00,746 | INFO | move right
2023-03-18 10:54:00,846 | INFO | move right
2023-03-18 10:54:00,947 | INFO | move right
2023-03-18 10:54:01,047 | INFO | move right
2023-03-18 10:54:01,147 | INFO | move right
2023-03-18 10:54:01,248 | INFO | move right
2023-03-18 10:54:01,348 | INFO | move right
2023-03-18 10:54:01,448 | INFO | move right
2023-03-18 10:54:01,549 | INFO | move right
2023-03-18 10:54:01,650 | INFO | move right
2023-03-18 10:54:01,750 | INFO | move right
2023-03-18 10:54:01,850 | INFO | move right
2023-03-18 10:54:01,951 | INFO | move right
2023-03-18 10:54:02,051 | INFO | move right
2023-03-18 10:54:02,151 | INFO | move right
2023-03-18 10:54:02,252 | INFO | move right
2023-03-18 10:54:02,352 | INFO | move right
2023-03-18 10:54:02,453 | INFO | move right
2023-03-18 11:48:36,871 | INFO | 2
2023-03-18 11:48:36,871 | INFO |  
2023-03-18 11:48:36,871 | INFO |  
2023-03-18 11:48:36,871 | INFO |  
2023-03-18 11:48:36,871 | INFO |  
2023-03-18 11:48:36,871 | INFO |  
2023-03-18 11:48:36,871 | INFO |  
2023-03-18 11:48:36,871 | INFO |  
2023-03-18 11:48:36,871 | INFO |  
2023-03-18 11:48:36,871 | INFO |  
2023-03-18 11:48:36,871 | INFO |  
2023-03-18 11:48:36,871 | INFO |  
2023-03-18 11:48:36,871 | INFO |  
2023-03-18 11:48:36,871 | INFO |  
2023-03-18 11:48:36,871 | INFO |  
2023-03-18 11:48:36,871 | INFO |  
2023-03-18 11:48:36,872 | INFO |  
2023-03-18 11:48:36,872 | INFO |  
2023-03-18 11:48:36,872 | INFO |  
2023-03-18 11:48:36,872 | INFO | x
2023-03-18 11:48:36,872 | INFO | x
2023-03-18 11:48:36,872 | INFO | x
2023-03-18 11:48:36,872 | INFO |  
2023-03-18 11:48:36,872 | INFO |  
2023-03-18 11:48:36,872 | INFO |  
2023-03-18 11:48:36,872 | INFO |  
2023-03-18 11:48:36,872 | INFO |  
2023-03-18 11:48:36,872 | INFO |  
2023-03-18 11:48:36,872 | INFO |  
2023-03-18 11:48:36,872 | INFO |  
2023-03-18 11:48:36,872 | INFO |  
2023-03-18 11:48:36,872 | INFO | 2
2023-03-18 11:48:36,872 | INFO |  
2023-03-18 11:48:36,872 | INFO |  
2023-03-18 11:48:36,872 | INFO |  
2023-03-18 11:48:36,872 | INFO |  
2023-03-18 11:48:36,872 | INFO |  
2023-03-18 11:48:36,872 | INFO |  
2023-03-18 11:48:36,872 | INFO |  
2023-03-18 11:48:36,872 | INFO |  
2023-03-18 11:48:36,872 | INFO |  
2023-03-18 11:48:36,872 | INFO |  
2023-03-18 11:48:36,872 | INFO |  
2023-03-18 11:48:36,873 | INFO |  
2023-03-18 11:48:36,873 | INFO |  
2023-03-18 11:48:36,873 | INFO |  
2023-03-18 11:48:36,873 | INFO |  
2023-03-18 11:48:36,873 | INFO |  
2023-03-18 11:48:36,873 | INFO |  
2023-03-18 11:48:36,873 | INFO |  
2023-03-18 11:48:36,873 | INFO |  
2023-03-18 11:48:36,873 | INFO |  
2023-03-18 11:48:36,873 | INFO |  
2023-03-18 11:48:36,873 | INFO |  
2023-03-18 11:48:36,873 | INFO |  
2023-03-18 11:48:36,873 | INFO |  
2023-03-18 11:48:36,873 | INFO |  
2023-03-18 11:48:36,873 | INFO |  
2023-03-18 11:48:36,873 | INFO |  
2023-03-18 11:48:36,873 | INFO |  
2023-03-18 11:48:36,873 | INFO |  
2023-03-18 11:48:36,873 | INFO |  
2023-03-18 11:48:36,873 | INFO | 2
2023-03-18 11:48:36,873 | INFO |  
2023-03-18 11:48:36,873 | INFO |  
2023-03-18 11:48:36,873 | INFO |  
2023-03-18 11:48:36,873 | INFO |  
2023-03-18 11:48:36,873 | INFO |  
2023-03-18 11:48:36,873 | INFO |  
2023-03-18 11:48:36,873 | INFO |  
2023-03-18 11:48:36,874 | INFO |  
2023-03-18 11:48:36,874 | INFO |  
2023-03-18 11:48:36,874 | INFO |  
2023-03-18 11:48:36,874 | INFO |  
2023-03-18 11:48:36,874 | INFO |  
2023-03-18 11:48:36,874 | INFO |  
2023-03-18 11:48:36,874 | INFO |  
2023-03-18 11:48:36,874 | INFO |  
2023-03-18 11:48:36,874 | INFO |  
2023-03-18 11:48:36,874 | INFO |  
2023-03-18 11:48:36,874 | INFO |  
2023-03-18 11:48:36,874 | INFO |  
2023-03-18 11:48:36,874 | INFO |  
2023-03-18 11:48:36,874 | INFO |  
2023-03-18 11:48:36,874 | INFO |  
2023-03-18 11:48:36,874 | INFO |  
2023-03-18 11:48:36,874 | INFO |  
2023-03-18 11:48:36,874 | INFO |  
2023-03-18 11:48:36,874 | INFO |  
2023-03-18 11:48:36,874 | INFO |  
2023-03-18 11:48:36,874 | INFO |  
2023-03-18 11:48:36,874 | INFO |  
2023-03-18 11:48:36,874 | INFO |  
2023-03-18 11:48:36,874 | INFO | 2
2023-03-18 11:48:36,874 | INFO |  
2023-03-18 11:48:36,874 | INFO |  
2023-03-18 11:48:36,874 | INFO |  
2023-03-18 11:48:36,875 | INFO |  
2023-03-18 11:48:36,875 | INFO |  
2023-03-18 11:48:36,875 | INFO |  
2023-03-18 11:48:36,875 | INFO |  
2023-03-18 11:48:36,875 | INFO |  
2023-03-18 11:48:36,875 | INFO |  
2023-03-18 11:48:36,875 | INFO |  
2023-03-18 11:48:36,875 | INFO |  
2023-03-18 11:48:36,875 | INFO |  
2023-03-18 11:48:36,875 | INFO |  
2023-03-18 11:48:36,875 | INFO |  
2023-03-18 11:48:36,875 | INFO |  
2023-03-18 11:48:36,875 | INFO |  
2023-03-18 11:48:36,875 | INFO |  
2023-03-18 11:48:36,875 | INFO |  
2023-03-18 11:48:36,875 | INFO |  
2023-03-18 11:48:36,875 | INFO |  
2023-03-18 11:48:36,875 | INFO |  
2023-03-18 11:48:36,875 | INFO |  
2023-03-18 11:48:36,875 | INFO |  
2023-03-18 11:48:36,875 | INFO |  
2023-03-18 11:48:36,875 | INFO |  
2023-03-18 11:48:36,875 | INFO |  
2023-03-18 11:48:36,875 | INFO |  
2023-03-18 11:48:36,875 | INFO |  
2023-03-18 11:48:36,875 | INFO |  
2023-03-18 11:48:36,875 | INFO |  
2023-03-18 11:48:36,876 | INFO | 2
2023-03-18 11:48:36,876 | INFO |  
2023-03-18 11:48:36,876 | INFO |  
2023-03-18 11:48:36,876 | INFO |  
2023-03-18 11:48:36,876 | INFO |  
2023-03-18 11:48:36,876 | INFO |  
2023-03-18 11:48:36,876 | INFO |  
2023-03-18 11:48:36,876 | INFO |  
2023-03-18 11:48:36,876 | INFO |  
2023-03-18 11:48:36,876 | INFO |  
2023-03-18 11:48:36,876 | INFO |  
2023-03-18 11:48:36,876 | INFO |  
2023-03-18 11:48:36,876 | INFO |  
2023-03-18 11:48:36,876 | INFO |  
2023-03-18 11:48:36,876 | INFO |  
2023-03-18 11:48:36,876 | INFO |  
2023-03-18 11:48:36,876 | INFO |  
2023-03-18 11:48:36,876 | INFO |  
2023-03-18 11:48:36,876 | INFO |  
2023-03-18 11:48:36,876 | INFO |  
2023-03-18 11:48:36,876 | INFO |  
2023-03-18 11:48:36,876 | INFO |  
2023-03-18 11:48:36,876 | INFO |  
2023-03-18 11:48:36,876 | INFO |  
2023-03-18 11:48:36,876 | INFO |  
2023-03-18 11:48:36,876 | INFO |  
2023-03-18 11:48:36,876 | INFO |  
2023-03-18 11:48:36,876 | INFO |  
2023-03-18 11:48:36,877 | INFO |  
2023-03-18 11:48:36,877 | INFO |  
2023-03-18 11:48:36,877 | INFO |  
2023-03-18 11:48:36,877 | INFO | 2
2023-03-18 11:48:36,877 | INFO |  
2023-03-18 11:48:36,877 | INFO |  
2023-03-18 11:48:36,877 | INFO |  
2023-03-18 11:48:36,877 | INFO |  
2023-03-18 11:48:36,877 | INFO |  
2023-03-18 11:48:36,877 | INFO |  
2023-03-18 11:48:36,877 | INFO |  
2023-03-18 11:48:36,877 | INFO |  
2023-03-18 11:48:36,877 | INFO |  
2023-03-18 11:48:36,877 | INFO |  
2023-03-18 11:48:36,877 | INFO |  
2023-03-18 11:48:36,877 | INFO |  
2023-03-18 11:48:36,877 | INFO |  
2023-03-18 11:48:36,877 | INFO |  
2023-03-18 11:48:36,877 | INFO |  
2023-03-18 11:48:36,877 | INFO |  
2023-03-18 11:48:36,877 | INFO |  
2023-03-18 11:48:36,877 | INFO |  
2023-03-18 11:48:36,877 | INFO |  
2023-03-18 11:48:36,877 | INFO |  
2023-03-18 11:48:36,877 | INFO |  
2023-03-18 11:48:36,877 | INFO |  
2023-03-18 11:48:36,877 | INFO |  
2023-03-18 11:48:36,878 | INFO |  
2023-03-18 11:48:36,878 | INFO |  
2023-03-18 11:48:36,878 | INFO |  
2023-03-18 11:48:36,878 | INFO |  
2023-03-18 11:48:36,878 | INFO |  
2023-03-18 11:48:36,878 | INFO |  
2023-03-18 11:48:36,878 | INFO |  
2023-03-18 11:48:36,878 | INFO | 2
2023-03-18 11:48:36,878 | INFO |  
2023-03-18 11:48:36,878 | INFO |  
2023-03-18 11:48:36,878 | INFO |  
2023-03-18 11:48:36,878 | INFO |  
2023-03-18 11:48:36,878 | INFO |  
2023-03-18 11:48:36,878 | INFO |  
2023-03-18 11:48:36,878 | INFO |  
2023-03-18 11:48:36,878 | INFO |  
2023-03-18 11:48:36,878 | INFO |  
2023-03-18 11:48:36,878 | INFO |  
2023-03-18 11:48:36,878 | INFO |  
2023-03-18 11:48:36,878 | INFO |  
2023-03-18 11:48:36,878 | INFO |  
2023-03-18 11:48:36,878 | INFO |  
2023-03-18 11:48:36,878 | INFO |  
2023-03-18 11:48:36,878 | INFO |  
2023-03-18 11:48:36,878 | INFO |  
2023-03-18 11:48:36,878 | INFO |  
2023-03-18 11:48:36,878 | INFO |  
2023-03-18 11:48:36,879 | INFO |  
2023-03-18 11:48:36,879 | INFO |  
2023-03-18 11:48:36,879 | INFO |  
2023-03-18 11:48:36,879 | INFO |  
2023-03-18 11:48:36,879 | INFO |  
2023-03-18 11:48:36,879 | INFO |  
2023-03-18 11:48:36,879 | INFO |  
2023-03-18 11:48:36,879 | INFO |  
2023-03-18 11:48:36,879 | INFO |  
2023-03-18 11:48:36,879 | INFO |  
2023-03-18 11:48:36,879 | INFO |  
2023-03-18 11:48:36,879 | INFO | 2
2023-03-18 11:48:36,879 | INFO |  
2023-03-18 11:48:36,879 | INFO |  
2023-03-18 11:48:36,879 | INFO |  
2023-03-18 11:48:36,879 | INFO |  
2023-03-18 11:48:36,879 | INFO |  
2023-03-18 11:48:36,879 | INFO |  
2023-03-18 11:48:36,879 | INFO |  
2023-03-18 11:48:36,879 | INFO |  
2023-03-18 11:48:36,879 | INFO |  
2023-03-18 11:48:36,879 | INFO |  
2023-03-18 11:48:36,879 | INFO |  
2023-03-18 11:48:36,879 | INFO |  
2023-03-18 11:48:36,879 | INFO |  
2023-03-18 11:48:36,879 | INFO |  
2023-03-18 11:48:36,879 | INFO |  
2023-03-18 11:48:36,879 | INFO |  
2023-03-18 11:48:36,880 | INFO |  
2023-03-18 11:48:36,880 | INFO |  
2023-03-18 11:48:36,880 | INFO |  
2023-03-18 11:48:36,880 | INFO |  
2023-03-18 11:48:36,880 | INFO |  
2023-03-18 11:48:36,880 | INFO |  
2023-03-18 11:48:36,880 | INFO |  
2023-03-18 11:48:36,880 | INFO |  
2023-03-18 11:48:36,880 | INFO |  
2023-03-18 11:48:36,880 | INFO |  
2023-03-18 11:48:36,880 | INFO |  
2023-03-18 11:48:36,880 | INFO |  
2023-03-18 11:48:36,880 | INFO |  
2023-03-18 11:48:36,880 | INFO |  
2023-03-18 11:48:36,880 | INFO | 2
2023-03-18 11:48:36,880 | INFO |  
2023-03-18 11:48:36,880 | INFO |  
2023-03-18 11:48:36,880 | INFO |  
2023-03-18 11:48:36,880 | INFO |  
2023-03-18 11:48:36,880 | INFO |  
2023-03-18 11:48:36,880 | INFO |  
2023-03-18 11:48:36,880 | INFO |  
2023-03-18 11:48:36,880 | INFO |  
2023-03-18 11:48:36,880 | INFO |  
2023-03-18 11:48:36,880 | INFO |  
2023-03-18 11:48:36,880 | INFO |  
2023-03-18 11:48:36,880 | INFO |  
2023-03-18 11:48:36,881 | INFO |  
2023-03-18 11:48:36,881 | INFO |  
2023-03-18 11:48:36,881 | INFO |  
2023-03-18 11:48:36,881 | INFO |  
2023-03-18 11:48:36,881 | INFO |  
2023-03-18 11:48:36,881 | INFO |  
2023-03-18 11:48:36,881 | INFO |  
2023-03-18 11:48:36,881 | INFO |  
2023-03-18 11:48:36,881 | INFO |  
2023-03-18 11:48:36,881 | INFO |  
2023-03-18 11:48:36,881 | INFO |  
2023-03-18 11:48:36,881 | INFO |  
2023-03-18 11:48:36,881 | INFO |  
2023-03-18 11:48:36,881 | INFO |  
2023-03-18 11:48:36,881 | INFO |  
2023-03-18 11:48:36,881 | INFO |  
2023-03-18 11:48:36,881 | INFO |  
2023-03-18 11:48:36,881 | INFO |  
2023-03-18 11:48:36,881 | INFO | 2
2023-03-18 11:48:36,881 | INFO |  
2023-03-18 11:48:36,881 | INFO |  
2023-03-18 11:48:36,881 | INFO |  
2023-03-18 11:48:36,881 | INFO |  
2023-03-18 11:48:36,881 | INFO |  
2023-03-18 11:48:36,881 | INFO |  
2023-03-18 11:48:36,881 | INFO |  
2023-03-18 11:48:36,881 | INFO |  
2023-03-18 11:48:36,882 | INFO |  
2023-03-18 11:48:36,882 | INFO |  
2023-03-18 11:48:36,882 | INFO |  
2023-03-18 11:48:36,882 | INFO |  
2023-03-18 11:48:36,882 | INFO |  
2023-03-18 11:48:36,882 | INFO |  
2023-03-18 11:48:36,882 | INFO |  
2023-03-18 11:48:36,882 | INFO |  
2023-03-18 11:48:36,882 | INFO |  
2023-03-18 11:48:36,882 | INFO |  
2023-03-18 11:48:36,882 | INFO |  
2023-03-18 11:48:36,882 | INFO |  
2023-03-18 11:48:36,882 | INFO |  
2023-03-18 11:48:36,882 | INFO |  
2023-03-18 11:48:36,882 | INFO |  
2023-03-18 11:48:36,882 | INFO |  
2023-03-18 11:48:36,882 | INFO |  
2023-03-18 11:48:36,882 | INFO |  
2023-03-18 11:48:36,882 | INFO |  
2023-03-18 11:48:36,882 | INFO |  
2023-03-18 11:48:36,882 | INFO |  
2023-03-18 11:48:36,882 | INFO |  
2023-03-18 11:48:37,886 | INFO | 2
2023-03-18 11:48:37,886 | INFO |  
2023-03-18 11:48:37,886 | INFO |  
2023-03-18 11:48:37,886 | INFO |  
2023-03-18 11:48:37,886 | INFO |  
2023-03-18 11:48:37,886 | INFO |  
2023-03-18 11:48:37,886 | INFO |  
2023-03-18 11:48:37,886 | INFO |  
2023-03-18 11:48:37,886 | INFO |  
2023-03-18 11:48:37,886 | INFO |  
2023-03-18 11:48:37,886 | INFO |  
2023-03-18 11:48:37,886 | INFO |  
2023-03-18 11:48:37,886 | INFO |  
2023-03-18 11:48:37,886 | INFO |  
2023-03-18 11:48:37,886 | INFO |  
2023-03-18 11:48:37,886 | INFO |  
2023-03-18 11:48:37,887 | INFO |  
2023-03-18 11:48:37,887 | INFO |  
2023-03-18 11:48:37,887 | INFO |  
2023-03-18 11:48:37,887 | INFO |  
2023-03-18 11:48:37,887 | INFO |  
2023-03-18 11:48:37,887 | INFO |  
2023-03-18 11:48:37,887 | INFO |  
2023-03-18 11:48:37,887 | INFO |  
2023-03-18 11:48:37,887 | INFO |  
2023-03-18 11:48:37,887 | INFO |  
2023-03-18 11:48:37,887 | INFO |  
2023-03-18 11:48:37,887 | INFO |  
2023-03-18 11:48:37,887 | INFO |  
2023-03-18 11:48:37,887 | INFO |  
2023-03-18 11:48:37,887 | INFO |  
2023-03-18 11:48:37,887 | INFO | 2
2023-03-18 11:48:37,887 | INFO |  
2023-03-18 11:48:37,887 | INFO |  
2023-03-18 11:48:37,887 | INFO |  
2023-03-18 11:48:37,887 | INFO |  
2023-03-18 11:48:37,887 | INFO |  
2023-03-18 11:48:37,887 | INFO |  
2023-03-18 11:48:37,887 | INFO |  
2023-03-18 11:48:37,887 | INFO |  
2023-03-18 11:48:37,887 | INFO |  
2023-03-18 11:48:37,887 | INFO |  
2023-03-18 11:48:37,887 | INFO |  
2023-03-18 11:48:37,887 | INFO |  
2023-03-18 11:48:37,887 | INFO |  
2023-03-18 11:48:37,887 | INFO |  
2023-03-18 11:48:37,887 | INFO |  
2023-03-18 11:48:37,887 | INFO |  
2023-03-18 11:48:37,887 | INFO |  
2023-03-18 11:48:37,887 | INFO |  
2023-03-18 11:48:37,887 | INFO | x
2023-03-18 11:48:37,887 | INFO | x
2023-03-18 11:48:37,888 | INFO | x
2023-03-18 11:48:37,888 | INFO |  
2023-03-18 11:48:37,888 | INFO |  
2023-03-18 11:48:37,888 | INFO |  
2023-03-18 11:48:37,888 | INFO |  
2023-03-18 11:48:37,888 | INFO |  
2023-03-18 11:48:37,888 | INFO |  
2023-03-18 11:48:37,888 | INFO |  
2023-03-18 11:48:37,888 | INFO |  
2023-03-18 11:48:37,888 | INFO |  
2023-03-18 11:48:37,888 | INFO | 2
2023-03-18 11:48:37,888 | INFO |  
2023-03-18 11:48:37,888 | INFO |  
2023-03-18 11:48:37,888 | INFO |  
2023-03-18 11:48:37,888 | INFO |  
2023-03-18 11:48:37,888 | INFO |  
2023-03-18 11:48:37,888 | INFO |  
2023-03-18 11:48:37,888 | INFO |  
2023-03-18 11:48:37,888 | INFO |  
2023-03-18 11:48:37,888 | INFO |  
2023-03-18 11:48:37,888 | INFO |  
2023-03-18 11:48:37,888 | INFO |  
2023-03-18 11:48:37,888 | INFO |  
2023-03-18 11:48:37,888 | INFO |  
2023-03-18 11:48:37,888 | INFO |  
2023-03-18 11:48:37,888 | INFO |  
2023-03-18 11:48:37,888 | INFO |  
2023-03-18 11:48:37,888 | INFO |  
2023-03-18 11:48:37,888 | INFO |  
2023-03-18 11:48:37,888 | INFO |  
2023-03-18 11:48:37,888 | INFO |  
2023-03-18 11:48:37,888 | INFO |  
2023-03-18 11:48:37,888 | INFO |  
2023-03-18 11:48:37,888 | INFO |  
2023-03-18 11:48:37,888 | INFO |  
2023-03-18 11:48:37,888 | INFO |  
2023-03-18 11:48:37,888 | INFO |  
2023-03-18 11:48:37,888 | INFO |  
2023-03-18 11:48:37,889 | INFO |  
2023-03-18 11:48:37,889 | INFO |  
2023-03-18 11:48:37,889 | INFO |  
2023-03-18 11:48:37,889 | INFO | 2
2023-03-18 11:48:37,889 | INFO |  
2023-03-18 11:48:37,889 | INFO |  
2023-03-18 11:48:37,889 | INFO |  
2023-03-18 11:48:37,889 | INFO |  
2023-03-18 11:48:37,889 | INFO |  
2023-03-18 11:48:37,889 | INFO |  
2023-03-18 11:48:37,889 | INFO |  
2023-03-18 11:48:37,889 | INFO |  
2023-03-18 11:48:37,889 | INFO |  
2023-03-18 11:48:37,889 | INFO |  
2023-03-18 11:48:37,889 | INFO |  
2023-03-18 11:48:37,889 | INFO |  
2023-03-18 11:48:37,889 | INFO |  
2023-03-18 11:48:37,889 | INFO |  
2023-03-18 11:48:37,889 | INFO |  
2023-03-18 11:48:37,889 | INFO |  
2023-03-18 11:48:37,889 | INFO |  
2023-03-18 11:48:37,889 | INFO |  
2023-03-18 11:48:37,889 | INFO |  
2023-03-18 11:48:37,889 | INFO |  
2023-03-18 11:48:37,889 | INFO |  
2023-03-18 11:48:37,889 | INFO |  
2023-03-18 11:48:37,889 | INFO |  
2023-03-18 11:48:37,889 | INFO |  
2023-03-18 11:48:37,889 | INFO |  
2023-03-18 11:48:37,889 | INFO |  
2023-03-18 11:48:37,889 | INFO |  
2023-03-18 11:48:37,889 | INFO |  
2023-03-18 11:48:37,889 | INFO |  
2023-03-18 11:48:37,889 | INFO |  
2023-03-18 11:48:37,889 | INFO | 2
2023-03-18 11:48:37,889 | INFO |  
2023-03-18 11:48:37,889 | INFO |  
2023-03-18 11:48:37,889 | INFO |  
2023-03-18 11:48:37,890 | INFO |  
2023-03-18 11:48:37,890 | INFO |  
2023-03-18 11:48:37,890 | INFO |  
2023-03-18 11:48:37,890 | INFO |  
2023-03-18 11:48:37,890 | INFO |  
2023-03-18 11:48:37,890 | INFO |  
2023-03-18 11:48:37,890 | INFO |  
2023-03-18 11:48:37,890 | INFO |  
2023-03-18 11:48:37,890 | INFO |  
2023-03-18 11:48:37,890 | INFO |  
2023-03-18 11:48:37,890 | INFO |  
2023-03-18 11:48:37,890 | INFO |  
2023-03-18 11:48:37,890 | INFO |  
2023-03-18 11:48:37,890 | INFO |  
2023-03-18 11:48:37,890 | INFO |  
2023-03-18 11:48:37,890 | INFO |  
2023-03-18 11:48:37,890 | INFO |  
2023-03-18 11:48:37,890 | INFO |  
2023-03-18 11:48:37,890 | INFO |  
2023-03-18 11:48:37,890 | INFO |  
2023-03-18 11:48:37,890 | INFO |  
2023-03-18 11:48:37,890 | INFO |  
2023-03-18 11:48:37,890 | INFO |  
2023-03-18 11:48:37,890 | INFO |  
2023-03-18 11:48:37,890 | INFO |  
2023-03-18 11:48:37,890 | INFO |  
2023-03-18 11:48:37,890 | INFO |  
2023-03-18 11:48:37,890 | INFO | 2
2023-03-18 11:48:37,890 | INFO |  
2023-03-18 11:48:37,890 | INFO |  
2023-03-18 11:48:37,890 | INFO |  
2023-03-18 11:48:37,890 | INFO |  
2023-03-18 11:48:37,890 | INFO |  
2023-03-18 11:48:37,890 | INFO |  
2023-03-18 11:48:37,890 | INFO |  
2023-03-18 11:48:37,890 | INFO |  
2023-03-18 11:48:37,890 | INFO |  
2023-03-18 11:48:37,891 | INFO |  
2023-03-18 11:48:37,891 | INFO |  
2023-03-18 11:48:37,891 | INFO |  
2023-03-18 11:48:37,891 | INFO |  
2023-03-18 11:48:37,891 | INFO |  
2023-03-18 11:48:37,891 | INFO |  
2023-03-18 11:48:37,891 | INFO |  
2023-03-18 11:48:37,891 | INFO |  
2023-03-18 11:48:37,891 | INFO |  
2023-03-18 11:48:37,891 | INFO |  
2023-03-18 11:48:37,891 | INFO |  
2023-03-18 11:48:37,891 | INFO |  
2023-03-18 11:48:37,891 | INFO |  
2023-03-18 11:48:37,891 | INFO |  
2023-03-18 11:48:37,891 | INFO |  
2023-03-18 11:48:37,891 | INFO |  
2023-03-18 11:48:37,891 | INFO |  
2023-03-18 11:48:37,891 | INFO |  
2023-03-18 11:48:37,891 | INFO |  
2023-03-18 11:48:37,891 | INFO |  
2023-03-18 11:48:37,891 | INFO |  
2023-03-18 11:48:37,891 | INFO | 2
2023-03-18 11:48:37,891 | INFO |  
2023-03-18 11:48:37,891 | INFO |  
2023-03-18 11:48:37,891 | INFO |  
2023-03-18 11:48:37,891 | INFO |  
2023-03-18 11:48:37,891 | INFO |  
2023-03-18 11:48:37,891 | INFO |  
2023-03-18 11:48:37,891 | INFO |  
2023-03-18 11:48:37,891 | INFO |  
2023-03-18 11:48:37,891 | INFO |  
2023-03-18 11:48:37,891 | INFO |  
2023-03-18 11:48:37,891 | INFO |  
2023-03-18 11:48:37,891 | INFO |  
2023-03-18 11:48:37,891 | INFO |  
2023-03-18 11:48:37,891 | INFO |  
2023-03-18 11:48:37,891 | INFO |  
2023-03-18 11:48:37,892 | INFO |  
2023-03-18 11:48:37,892 | INFO |  
2023-03-18 11:48:37,892 | INFO |  
2023-03-18 11:48:37,892 | INFO |  
2023-03-18 11:48:37,892 | INFO |  
2023-03-18 11:48:37,892 | INFO |  
2023-03-18 11:48:37,892 | INFO |  
2023-03-18 11:48:37,892 | INFO |  
2023-03-18 11:48:37,892 | INFO |  
2023-03-18 11:48:37,892 | INFO |  
2023-03-18 11:48:37,892 | INFO |  
2023-03-18 11:48:37,892 | INFO |  
2023-03-18 11:48:37,892 | INFO |  
2023-03-18 11:48:37,892 | INFO |  
2023-03-18 11:48:37,892 | INFO |  
2023-03-18 11:48:37,892 | INFO | 2
2023-03-18 11:48:37,892 | INFO |  
2023-03-18 11:48:37,892 | INFO |  
2023-03-18 11:48:37,892 | INFO |  
2023-03-18 11:48:37,892 | INFO |  
2023-03-18 11:48:37,892 | INFO |  
2023-03-18 11:48:37,892 | INFO |  
2023-03-18 11:48:37,892 | INFO |  
2023-03-18 11:48:37,892 | INFO |  
2023-03-18 11:48:37,892 | INFO |  
2023-03-18 11:48:37,892 | INFO |  
2023-03-18 11:48:37,892 | INFO |  
2023-03-18 11:48:37,892 | INFO |  
2023-03-18 11:48:37,892 | INFO |  
2023-03-18 11:48:37,892 | INFO |  
2023-03-18 11:48:37,892 | INFO |  
2023-03-18 11:48:37,892 | INFO |  
2023-03-18 11:48:37,892 | INFO |  
2023-03-18 11:48:37,892 | INFO |  
2023-03-18 11:48:37,892 | INFO |  
2023-03-18 11:48:37,892 | INFO |  
2023-03-18 11:48:37,892 | INFO |  
2023-03-18 11:48:37,893 | INFO |  
2023-03-18 11:48:37,893 | INFO |  
2023-03-18 11:48:37,893 | INFO |  
2023-03-18 11:48:37,893 | INFO |  
2023-03-18 11:48:37,893 | INFO |  
2023-03-18 11:48:37,893 | INFO |  
2023-03-18 11:48:37,893 | INFO |  
2023-03-18 11:48:37,893 | INFO |  
2023-03-18 11:48:37,893 | INFO |  
2023-03-18 11:48:37,893 | INFO | 2
2023-03-18 11:48:37,893 | INFO |  
2023-03-18 11:48:37,893 | INFO |  
2023-03-18 11:48:37,893 | INFO |  
2023-03-18 11:48:37,893 | INFO |  
2023-03-18 11:48:37,893 | INFO |  
2023-03-18 11:48:37,893 | INFO |  
2023-03-18 11:48:37,893 | INFO |  
2023-03-18 11:48:37,893 | INFO |  
2023-03-18 11:48:37,893 | INFO |  
2023-03-18 11:48:37,893 | INFO |  
2023-03-18 11:48:37,893 | INFO |  
2023-03-18 11:48:37,893 | INFO |  
2023-03-18 11:48:37,893 | INFO |  
2023-03-18 11:48:37,893 | INFO |  
2023-03-18 11:48:37,893 | INFO |  
2023-03-18 11:48:37,893 | INFO |  
2023-03-18 11:48:37,893 | INFO |  
2023-03-18 11:48:37,893 | INFO |  
2023-03-18 11:48:37,893 | INFO |  
2023-03-18 11:48:37,893 | INFO |  
2023-03-18 11:48:37,893 | INFO |  
2023-03-18 11:48:37,893 | INFO |  
2023-03-18 11:48:37,893 | INFO |  
2023-03-18 11:48:37,893 | INFO |  
2023-03-18 11:48:37,893 | INFO |  
2023-03-18 11:48:37,893 | INFO |  
2023-03-18 11:48:37,893 | INFO |  
2023-03-18 11:48:37,894 | INFO |  
2023-03-18 11:48:37,894 | INFO |  
2023-03-18 11:48:37,894 | INFO |  
2023-03-18 11:48:37,894 | INFO | 2
2023-03-18 11:48:37,894 | INFO |  
2023-03-18 11:48:37,894 | INFO |  
2023-03-18 11:48:37,894 | INFO |  
2023-03-18 11:48:37,894 | INFO |  
2023-03-18 11:48:37,894 | INFO |  
2023-03-18 11:48:37,894 | INFO |  
2023-03-18 11:48:37,894 | INFO |  
2023-03-18 11:48:37,894 | INFO |  
2023-03-18 11:48:37,894 | INFO |  
2023-03-18 11:48:37,894 | INFO |  
2023-03-18 11:48:37,894 | INFO |  
2023-03-18 11:48:37,894 | INFO |  
2023-03-18 11:48:37,894 | INFO |  
2023-03-18 11:48:37,894 | INFO |  
2023-03-18 11:48:37,894 | INFO |  
2023-03-18 11:48:37,894 | INFO |  
2023-03-18 11:48:37,894 | INFO |  
2023-03-18 11:48:37,894 | INFO |  
2023-03-18 11:48:37,894 | INFO |  
2023-03-18 11:48:37,894 | INFO |  
2023-03-18 11:48:37,894 | INFO |  
2023-03-18 11:48:37,894 | INFO |  
2023-03-18 11:48:37,894 | INFO |  
2023-03-18 11:48:37,894 | INFO |  
2023-03-18 11:48:37,894 | INFO |  
2023-03-18 11:48:37,894 | INFO |  
2023-03-18 11:48:37,894 | INFO |  
2023-03-18 11:48:37,894 | INFO |  
2023-03-18 11:48:37,894 | INFO |  
2023-03-18 11:48:37,894 | INFO |  
2023-03-18 11:48:38,898 | INFO | 2
2023-03-18 11:48:38,898 | INFO |  
2023-03-18 11:48:38,906 | INFO |  
2023-03-18 11:48:38,906 | INFO |  
2023-03-18 11:48:38,906 | INFO |  
2023-03-18 11:48:38,906 | INFO |  
2023-03-18 11:48:38,906 | INFO |  
2023-03-18 11:48:38,906 | INFO |  
2023-03-18 11:48:38,906 | INFO |  
2023-03-18 11:48:38,906 | INFO |  
2023-03-18 11:48:38,906 | INFO |  
2023-03-18 11:48:38,906 | INFO |  
2023-03-18 11:48:38,906 | INFO |  
2023-03-18 11:48:38,906 | INFO |  
2023-03-18 11:48:38,906 | INFO |  
2023-03-18 11:48:38,906 | INFO |  
2023-03-18 11:48:38,906 | INFO |  
2023-03-18 11:48:38,906 | INFO |  
2023-03-18 11:48:38,907 | INFO |  
2023-03-18 11:48:38,907 | INFO |  
2023-03-18 11:48:38,907 | INFO |  
2023-03-18 11:48:38,907 | INFO |  
2023-03-18 11:48:38,907 | INFO |  
2023-03-18 11:48:38,907 | INFO |  
2023-03-18 11:48:38,907 | INFO |  
2023-03-18 11:48:38,907 | INFO |  
2023-03-18 11:48:38,907 | INFO |  
2023-03-18 11:48:38,907 | INFO |  
2023-03-18 11:48:38,907 | INFO |  
2023-03-18 11:48:38,907 | INFO |  
2023-03-18 11:48:38,907 | INFO |  
2023-03-18 11:48:38,907 | INFO | 2
2023-03-18 11:48:38,907 | INFO |  
2023-03-18 11:48:38,907 | INFO |  
2023-03-18 11:48:38,907 | INFO |  
2023-03-18 11:48:38,907 | INFO |  
2023-03-18 11:48:38,907 | INFO |  
2023-03-18 11:48:38,907 | INFO |  
2023-03-18 11:48:38,907 | INFO |  
2023-03-18 11:48:38,907 | INFO |  
2023-03-18 11:48:38,907 | INFO |  
2023-03-18 11:48:38,907 | INFO |  
2023-03-18 11:48:38,907 | INFO |  
2023-03-18 11:48:38,907 | INFO |  
2023-03-18 11:48:38,907 | INFO |  
2023-03-18 11:48:38,907 | INFO |  
2023-03-18 11:48:38,907 | INFO |  
2023-03-18 11:48:38,907 | INFO |  
2023-03-18 11:48:38,907 | INFO |  
2023-03-18 11:48:38,907 | INFO |  
2023-03-18 11:48:38,907 | INFO |  
2023-03-18 11:48:38,907 | INFO |  
2023-03-18 11:48:38,907 | INFO |  
2023-03-18 11:48:38,907 | INFO |  
2023-03-18 11:48:38,907 | INFO |  
2023-03-18 11:48:38,908 | INFO |  
2023-03-18 11:48:38,908 | INFO |  
2023-03-18 11:48:38,908 | INFO |  
2023-03-18 11:48:38,908 | INFO |  
2023-03-18 11:48:38,908 | INFO |  
2023-03-18 11:48:38,908 | INFO |  
2023-03-18 11:48:38,908 | INFO |  
2023-03-18 11:48:38,908 | INFO | 2
2023-03-18 11:48:38,908 | INFO |  
2023-03-18 11:48:38,908 | INFO |  
2023-03-18 11:48:38,908 | INFO |  
2023-03-18 11:48:38,908 | INFO |  
2023-03-18 11:48:38,908 | INFO |  
2023-03-18 11:48:38,908 | INFO |  
2023-03-18 11:48:38,908 | INFO |  
2023-03-18 11:48:38,908 | INFO |  
2023-03-18 11:48:38,908 | INFO |  
2023-03-18 11:48:38,908 | INFO |  
2023-03-18 11:48:38,908 | INFO |  
2023-03-18 11:48:38,908 | INFO |  
2023-03-18 11:48:38,908 | INFO |  
2023-03-18 11:48:38,908 | INFO |  
2023-03-18 11:48:38,908 | INFO |  
2023-03-18 11:48:38,908 | INFO |  
2023-03-18 11:48:38,908 | INFO |  
2023-03-18 11:48:38,908 | INFO |  
2023-03-18 11:48:38,908 | INFO | x
2023-03-18 11:48:38,908 | INFO | x
2023-03-18 11:48:38,908 | INFO | x
2023-03-18 11:48:38,908 | INFO |  
2023-03-18 11:48:38,908 | INFO |  
2023-03-18 11:48:38,908 | INFO |  
2023-03-18 11:48:38,908 | INFO |  
2023-03-18 11:48:38,908 | INFO |  
2023-03-18 11:48:38,908 | INFO |  
2023-03-18 11:48:38,908 | INFO |  
2023-03-18 11:48:38,909 | INFO |  
2023-03-18 11:48:38,909 | INFO |  
2023-03-18 11:48:38,909 | INFO | 2
2023-03-18 11:48:38,909 | INFO |  
2023-03-18 11:48:38,909 | INFO |  
2023-03-18 11:48:38,909 | INFO |  
2023-03-18 11:48:38,909 | INFO |  
2023-03-18 11:48:38,909 | INFO |  
2023-03-18 11:48:38,909 | INFO |  
2023-03-18 11:48:38,909 | INFO |  
2023-03-18 11:48:38,909 | INFO |  
2023-03-18 11:48:38,909 | INFO |  
2023-03-18 11:48:38,909 | INFO |  
2023-03-18 11:48:38,909 | INFO |  
2023-03-18 11:48:38,909 | INFO |  
2023-03-18 11:48:38,909 | INFO |  
2023-03-18 11:48:38,909 | INFO |  
2023-03-18 11:48:38,909 | INFO |  
2023-03-18 11:48:38,909 | INFO |  
2023-03-18 11:48:38,909 | INFO |  
2023-03-18 11:48:38,909 | INFO |  
2023-03-18 11:48:38,909 | INFO |  
2023-03-18 11:48:38,909 | INFO |  
2023-03-18 11:48:38,909 | INFO |  
2023-03-18 11:48:38,909 | INFO |  
2023-03-18 11:48:38,909 | INFO |  
2023-03-18 11:48:38,909 | INFO |  
2023-03-18 11:48:38,909 | INFO |  
2023-03-18 11:48:38,909 | INFO |  
2023-03-18 11:48:38,909 | INFO |  
2023-03-18 11:48:38,909 | INFO |  
2023-03-18 11:48:38,909 | INFO |  
2023-03-18 11:48:38,909 | INFO |  
2023-03-18 11:48:38,909 | INFO | 2
2023-03-18 11:48:38,909 | INFO |  
2023-03-18 11:48:38,909 | INFO |  
2023-03-18 11:48:38,909 | INFO |  
2023-03-18 11:48:38,910 | INFO |  
2023-03-18 11:48:38,910 | INFO |  
2023-03-18 11:48:38,910 | INFO |  
2023-03-18 11:48:38,910 | INFO |  
2023-03-18 11:48:38,910 | INFO |  
2023-03-18 11:48:38,910 | INFO |  
2023-03-18 11:48:38,910 | INFO |  
2023-03-18 11:48:38,910 | INFO |  
2023-03-18 11:48:38,910 | INFO |  
2023-03-18 11:48:38,910 | INFO |  
2023-03-18 11:48:38,910 | INFO |  
2023-03-18 11:48:38,910 | INFO |  
2023-03-18 11:48:38,910 | INFO |  
2023-03-18 11:48:38,910 | INFO |  
2023-03-18 11:48:38,910 | INFO |  
2023-03-18 11:48:38,910 | INFO |  
2023-03-18 11:48:38,910 | INFO |  
2023-03-18 11:48:38,910 | INFO |  
2023-03-18 11:48:38,910 | INFO |  
2023-03-18 11:48:38,910 | INFO |  
2023-03-18 11:48:38,910 | INFO |  
2023-03-18 11:48:38,910 | INFO |  
2023-03-18 11:48:38,910 | INFO |  
2023-03-18 11:48:38,910 | INFO |  
2023-03-18 11:48:38,910 | INFO |  
2023-03-18 11:48:38,910 | INFO |  
2023-03-18 11:48:38,910 | INFO |  
2023-03-18 11:48:38,910 | INFO | 2
2023-03-18 11:48:38,910 | INFO |  
2023-03-18 11:48:38,910 | INFO |  
2023-03-18 11:48:38,910 | INFO |  
2023-03-18 11:48:38,910 | INFO |  
2023-03-18 11:48:38,910 | INFO |  
2023-03-18 11:48:38,910 | INFO |  
2023-03-18 11:48:38,910 | INFO |  
2023-03-18 11:48:38,910 | INFO |  
2023-03-18 11:48:38,910 | INFO |  
2023-03-18 11:48:38,910 | INFO |  
2023-03-18 11:48:38,911 | INFO |  
2023-03-18 11:48:38,911 | INFO |  
2023-03-18 11:48:38,911 | INFO |  
2023-03-18 11:48:38,911 | INFO |  
2023-03-18 11:48:38,911 | INFO |  
2023-03-18 11:48:38,911 | INFO |  
2023-03-18 11:48:38,911 | INFO |  
2023-03-18 11:48:38,911 | INFO |  
2023-03-18 11:48:38,911 | INFO |  
2023-03-18 11:48:38,911 | INFO |  
2023-03-18 11:48:38,911 | INFO |  
2023-03-18 11:48:38,911 | INFO |  
2023-03-18 11:48:38,911 | INFO |  
2023-03-18 11:48:38,911 | INFO |  
2023-03-18 11:48:38,911 | INFO |  
2023-03-18 11:48:38,911 | INFO |  
2023-03-18 11:48:38,911 | INFO |  
2023-03-18 11:48:38,911 | INFO |  
2023-03-18 11:48:38,911 | INFO |  
2023-03-18 11:48:38,911 | INFO |  
2023-03-18 11:48:38,911 | INFO | 2
2023-03-18 11:48:38,911 | INFO |  
2023-03-18 11:48:38,911 | INFO |  
2023-03-18 11:48:38,911 | INFO |  
2023-03-18 11:48:38,911 | INFO |  
2023-03-18 11:48:38,911 | INFO |  
2023-03-18 11:48:38,911 | INFO |  
2023-03-18 11:48:38,911 | INFO |  
2023-03-18 11:48:38,911 | INFO |  
2023-03-18 11:48:38,911 | INFO |  
2023-03-18 11:48:38,911 | INFO |  
2023-03-18 11:48:38,911 | INFO |  
2023-03-18 11:48:38,911 | INFO |  
2023-03-18 11:48:38,911 | INFO |  
2023-03-18 11:48:38,911 | INFO |  
2023-03-18 11:48:38,911 | INFO |  
2023-03-18 11:48:38,911 | INFO |  
2023-03-18 11:48:38,912 | INFO |  
2023-03-18 11:48:38,912 | INFO |  
2023-03-18 11:48:38,912 | INFO |  
2023-03-18 11:48:38,912 | INFO |  
2023-03-18 11:48:38,912 | INFO |  
2023-03-18 11:48:38,912 | INFO |  
2023-03-18 11:48:38,912 | INFO |  
2023-03-18 11:48:38,912 | INFO |  
2023-03-18 11:48:38,912 | INFO |  
2023-03-18 11:48:38,912 | INFO |  
2023-03-18 11:48:38,912 | INFO |  
2023-03-18 11:48:38,912 | INFO |  
2023-03-18 11:48:38,912 | INFO |  
2023-03-18 11:48:38,912 | INFO |  
2023-03-18 11:48:38,912 | INFO | 2
2023-03-18 11:48:38,912 | INFO |  
2023-03-18 11:48:38,912 | INFO |  
2023-03-18 11:48:38,912 | INFO |  
2023-03-18 11:48:38,912 | INFO |  
2023-03-18 11:48:38,912 | INFO |  
2023-03-18 11:48:38,912 | INFO |  
2023-03-18 11:48:38,912 | INFO |  
2023-03-18 11:48:38,912 | INFO |  
2023-03-18 11:48:38,912 | INFO |  
2023-03-18 11:48:38,912 | INFO |  
2023-03-18 11:48:38,912 | INFO |  
2023-03-18 11:48:38,912 | INFO |  
2023-03-18 11:48:38,912 | INFO |  
2023-03-18 11:48:38,912 | INFO |  
2023-03-18 11:48:38,912 | INFO |  
2023-03-18 11:48:38,912 | INFO |  
2023-03-18 11:48:38,912 | INFO |  
2023-03-18 11:48:38,912 | INFO |  
2023-03-18 11:48:38,912 | INFO |  
2023-03-18 11:48:38,912 | INFO |  
2023-03-18 11:48:38,912 | INFO |  
2023-03-18 11:48:38,912 | INFO |  
2023-03-18 11:48:38,912 | INFO |  
2023-03-18 11:48:38,913 | INFO |  
2023-03-18 11:48:38,913 | INFO |  
2023-03-18 11:48:38,913 | INFO |  
2023-03-18 11:48:38,913 | INFO |  
2023-03-18 11:48:38,913 | INFO |  
2023-03-18 11:48:38,913 | INFO |  
2023-03-18 11:48:38,913 | INFO |  
2023-03-18 11:48:38,913 | INFO | 2
2023-03-18 11:48:38,913 | INFO |  
2023-03-18 11:48:38,913 | INFO |  
2023-03-18 11:48:38,913 | INFO |  
2023-03-18 11:48:38,913 | INFO |  
2023-03-18 11:48:38,913 | INFO |  
2023-03-18 11:48:38,913 | INFO |  
2023-03-18 11:48:38,913 | INFO |  
2023-03-18 11:48:38,913 | INFO |  
2023-03-18 11:48:38,913 | INFO |  
2023-03-18 11:48:38,913 | INFO |  
2023-03-18 11:48:38,913 | INFO |  
2023-03-18 11:48:38,913 | INFO |  
2023-03-18 11:48:38,913 | INFO |  
2023-03-18 11:48:38,913 | INFO |  
2023-03-18 11:48:38,913 | INFO |  
2023-03-18 11:48:38,913 | INFO |  
2023-03-18 11:48:38,913 | INFO |  
2023-03-18 11:48:38,913 | INFO |  
2023-03-18 11:48:38,913 | INFO |  
2023-03-18 11:48:38,913 | INFO |  
2023-03-18 11:48:38,913 | INFO |  
2023-03-18 11:48:38,913 | INFO |  
2023-03-18 11:48:38,913 | INFO |  
2023-03-18 11:48:38,913 | INFO |  
2023-03-18 11:48:38,913 | INFO |  
2023-03-18 11:48:38,913 | INFO |  
2023-03-18 11:48:38,913 | INFO |  
2023-03-18 11:48:38,913 | INFO |  
2023-03-18 11:48:38,913 | INFO |  
2023-03-18 11:48:38,914 | INFO |  
2023-03-18 11:48:38,914 | INFO | 2
2023-03-18 11:48:38,914 | INFO |  
2023-03-18 11:48:38,914 | INFO |  
2023-03-18 11:48:38,914 | INFO |  
2023-03-18 11:48:38,914 | INFO |  
2023-03-18 11:48:38,914 | INFO |  
2023-03-18 11:48:38,914 | INFO |  
2023-03-18 11:48:38,914 | INFO |  
2023-03-18 11:48:38,914 | INFO |  
2023-03-18 11:48:38,914 | INFO |  
2023-03-18 11:48:38,914 | INFO |  
2023-03-18 11:48:38,914 | INFO |  
2023-03-18 11:48:38,914 | INFO |  
2023-03-18 11:48:38,914 | INFO |  
2023-03-18 11:48:38,914 | INFO |  
2023-03-18 11:48:38,914 | INFO |  
2023-03-18 11:48:38,914 | INFO |  
2023-03-18 11:48:38,914 | INFO |  
2023-03-18 11:48:38,914 | INFO |  
2023-03-18 11:48:38,914 | INFO |  
2023-03-18 11:48:38,914 | INFO |  
2023-03-18 11:48:38,914 | INFO |  
2023-03-18 11:48:38,914 | INFO |  
2023-03-18 11:48:38,914 | INFO |  
2023-03-18 11:48:38,914 | INFO |  
2023-03-18 11:48:38,914 | INFO |  
2023-03-18 11:48:38,914 | INFO |  
2023-03-18 11:48:38,914 | INFO |  
2023-03-18 11:48:38,914 | INFO |  
2023-03-18 11:48:38,914 | INFO |  
2023-03-18 11:48:38,914 | INFO |  
2023-03-18 11:48:39,918 | INFO | 2
2023-03-18 11:48:39,918 | INFO |  
2023-03-18 11:48:39,918 | INFO |  
2023-03-18 11:48:39,918 | INFO |  
2023-03-18 11:48:39,918 | INFO |  
2023-03-18 11:48:39,918 | INFO |  
2023-03-18 11:48:39,918 | INFO |  
2023-03-18 11:48:39,918 | INFO |  
2023-03-18 11:48:39,918 | INFO |  
2023-03-18 11:48:39,918 | INFO |  
2023-03-18 11:48:39,918 | INFO |  
2023-03-18 11:48:39,918 | INFO |  
2023-03-18 11:48:39,918 | INFO |  
2023-03-18 11:48:39,918 | INFO |  
2023-03-18 11:48:39,918 | INFO |  
2023-03-18 11:48:39,918 | INFO |  
2023-03-18 11:48:39,918 | INFO |  
2023-03-18 11:48:39,918 | INFO |  
2023-03-18 11:48:39,918 | INFO |  
2023-03-18 11:48:39,919 | INFO |  
2023-03-18 11:48:39,919 | INFO |  
2023-03-18 11:48:39,919 | INFO |  
2023-03-18 11:48:39,919 | INFO |  
2023-03-18 11:48:39,919 | INFO |  
2023-03-18 11:48:39,919 | INFO |  
2023-03-18 11:48:39,919 | INFO |  
2023-03-18 11:48:39,919 | INFO |  
2023-03-18 11:48:39,919 | INFO |  
2023-03-18 11:48:39,919 | INFO |  
2023-03-18 11:48:39,919 | INFO |  
2023-03-18 11:48:39,919 | INFO |  
2023-03-18 11:48:39,919 | INFO | 2
2023-03-18 11:48:39,919 | INFO |  
2023-03-18 11:48:39,919 | INFO |  
2023-03-18 11:48:39,919 | INFO |  
2023-03-18 11:48:39,919 | INFO |  
2023-03-18 11:48:39,919 | INFO |  
2023-03-18 11:48:39,919 | INFO |  
2023-03-18 11:48:39,919 | INFO |  
2023-03-18 11:48:39,919 | INFO |  
2023-03-18 11:48:39,919 | INFO |  
2023-03-18 11:48:39,919 | INFO |  
2023-03-18 11:48:39,919 | INFO |  
2023-03-18 11:48:39,919 | INFO |  
2023-03-18 11:48:39,919 | INFO |  
2023-03-18 11:48:39,919 | INFO |  
2023-03-18 11:48:39,919 | INFO |  
2023-03-18 11:48:39,919 | INFO |  
2023-03-18 11:48:39,919 | INFO |  
2023-03-18 11:48:39,919 | INFO |  
2023-03-18 11:48:39,919 | INFO |  
2023-03-18 11:48:39,919 | INFO |  
2023-03-18 11:48:39,919 | INFO |  
2023-03-18 11:48:39,919 | INFO |  
2023-03-18 11:48:39,919 | INFO |  
2023-03-18 11:48:39,919 | INFO |  
2023-03-18 11:48:39,920 | INFO |  
2023-03-18 11:48:39,920 | INFO |  
2023-03-18 11:48:39,920 | INFO |  
2023-03-18 11:48:39,920 | INFO |  
2023-03-18 11:48:39,920 | INFO |  
2023-03-18 11:48:39,920 | INFO |  
2023-03-18 11:48:39,920 | INFO | 2
2023-03-18 11:48:39,920 | INFO |  
2023-03-18 11:48:39,920 | INFO |  
2023-03-18 11:48:39,920 | INFO |  
2023-03-18 11:48:39,920 | INFO |  
2023-03-18 11:48:39,920 | INFO |  
2023-03-18 11:48:39,920 | INFO |  
2023-03-18 11:48:39,920 | INFO |  
2023-03-18 11:48:39,920 | INFO |  
2023-03-18 11:48:39,920 | INFO |  
2023-03-18 11:48:39,920 | INFO |  
2023-03-18 11:48:39,920 | INFO |  
2023-03-18 11:48:39,920 | INFO |  
2023-03-18 11:48:39,920 | INFO |  
2023-03-18 11:48:39,920 | INFO |  
2023-03-18 11:48:39,920 | INFO |  
2023-03-18 11:48:39,920 | INFO |  
2023-03-18 11:48:39,920 | INFO |  
2023-03-18 11:48:39,920 | INFO |  
2023-03-18 11:48:39,920 | INFO |  
2023-03-18 11:48:39,920 | INFO |  
2023-03-18 11:48:39,920 | INFO |  
2023-03-18 11:48:39,920 | INFO |  
2023-03-18 11:48:39,920 | INFO |  
2023-03-18 11:48:39,920 | INFO |  
2023-03-18 11:48:39,920 | INFO |  
2023-03-18 11:48:39,920 | INFO |  
2023-03-18 11:48:39,920 | INFO |  
2023-03-18 11:48:39,920 | INFO |  
2023-03-18 11:48:39,920 | INFO |  
2023-03-18 11:48:39,920 | INFO |  
2023-03-18 11:48:39,921 | INFO | 2
2023-03-18 11:48:39,921 | INFO |  
2023-03-18 11:48:39,921 | INFO |  
2023-03-18 11:48:39,921 | INFO |  
2023-03-18 11:48:39,921 | INFO |  
2023-03-18 11:48:39,921 | INFO |  
2023-03-18 11:48:39,921 | INFO |  
2023-03-18 11:48:39,921 | INFO |  
2023-03-18 11:48:39,921 | INFO |  
2023-03-18 11:48:39,921 | INFO |  
2023-03-18 11:48:39,921 | INFO |  
2023-03-18 11:48:39,921 | INFO |  
2023-03-18 11:48:39,921 | INFO |  
2023-03-18 11:48:39,921 | INFO |  
2023-03-18 11:48:39,921 | INFO |  
2023-03-18 11:48:39,921 | INFO |  
2023-03-18 11:48:39,921 | INFO |  
2023-03-18 11:48:39,921 | INFO |  
2023-03-18 11:48:39,921 | INFO |  
2023-03-18 11:48:39,921 | INFO | x
2023-03-18 11:48:39,921 | INFO | x
2023-03-18 11:48:39,921 | INFO | x
2023-03-18 11:48:39,921 | INFO |  
2023-03-18 11:48:39,921 | INFO |  
2023-03-18 11:48:39,921 | INFO |  
2023-03-18 11:48:39,921 | INFO |  
2023-03-18 11:48:39,921 | INFO |  
2023-03-18 11:48:39,921 | INFO |  
2023-03-18 11:48:39,921 | INFO |  
2023-03-18 11:48:39,921 | INFO |  
2023-03-18 11:48:39,921 | INFO |  
2023-03-18 11:48:39,921 | INFO | 2
2023-03-18 11:48:39,921 | INFO |  
2023-03-18 11:48:39,921 | INFO |  
2023-03-18 11:48:39,921 | INFO |  
2023-03-18 11:48:39,921 | INFO |  
2023-03-18 11:48:39,921 | INFO |  
2023-03-18 11:48:39,921 | INFO |  
2023-03-18 11:48:39,922 | INFO |  
2023-03-18 11:48:39,922 | INFO |  
2023-03-18 11:48:39,922 | INFO |  
2023-03-18 11:48:39,922 | INFO |  
2023-03-18 11:48:39,922 | INFO |  
2023-03-18 11:48:39,922 | INFO |  
2023-03-18 11:48:39,922 | INFO |  
2023-03-18 11:48:39,922 | INFO |  
2023-03-18 11:48:39,922 | INFO |  
2023-03-18 11:48:39,922 | INFO |  
2023-03-18 11:48:39,922 | INFO |  
2023-03-18 11:48:39,922 | INFO |  
2023-03-18 11:48:39,922 | INFO |  
2023-03-18 11:48:39,922 | INFO |  
2023-03-18 11:48:39,922 | INFO |  
2023-03-18 11:48:39,922 | INFO |  
2023-03-18 11:48:39,922 | INFO |  
2023-03-18 11:48:39,922 | INFO |  
2023-03-18 11:48:39,922 | INFO |  
2023-03-18 11:48:39,922 | INFO |  
2023-03-18 11:48:39,922 | INFO |  
2023-03-18 11:48:39,922 | INFO |  
2023-03-18 11:48:39,922 | INFO |  
2023-03-18 11:48:39,922 | INFO |  
2023-03-18 11:48:39,922 | INFO | 2
2023-03-18 11:48:39,922 | INFO |  
2023-03-18 11:48:39,922 | INFO |  
2023-03-18 11:48:39,922 | INFO |  
2023-03-18 11:48:39,922 | INFO |  
2023-03-18 11:48:39,922 | INFO |  
2023-03-18 11:48:39,922 | INFO |  
2023-03-18 11:48:39,922 | INFO |  
2023-03-18 11:48:39,922 | INFO |  
2023-03-18 11:48:39,922 | INFO |  
2023-03-18 11:48:39,922 | INFO |  
2023-03-18 11:48:39,922 | INFO |  
2023-03-18 11:48:39,922 | INFO |  
2023-03-18 11:48:39,922 | INFO |  
2023-03-18 11:48:39,922 | INFO |  
2023-03-18 11:48:39,923 | INFO |  
2023-03-18 11:48:39,923 | INFO |  
2023-03-18 11:48:39,923 | INFO |  
2023-03-18 11:48:39,923 | INFO |  
2023-03-18 11:48:39,923 | INFO |  
2023-03-18 11:48:39,923 | INFO |  
2023-03-18 11:48:39,923 | INFO |  
2023-03-18 11:48:39,923 | INFO |  
2023-03-18 11:48:39,923 | INFO |  
2023-03-18 11:48:39,923 | INFO |  
2023-03-18 11:48:39,923 | INFO |  
2023-03-18 11:48:39,923 | INFO |  
2023-03-18 11:48:39,923 | INFO |  
2023-03-18 11:48:39,923 | INFO |  
2023-03-18 11:48:39,923 | INFO |  
2023-03-18 11:48:39,923 | INFO |  
2023-03-18 11:48:39,923 | INFO | 2
2023-03-18 11:48:39,923 | INFO |  
2023-03-18 11:48:39,923 | INFO |  
2023-03-18 11:48:39,923 | INFO |  
2023-03-18 11:48:39,923 | INFO |  
2023-03-18 11:48:39,923 | INFO |  
2023-03-18 11:48:39,923 | INFO |  
2023-03-18 11:48:39,923 | INFO |  
2023-03-18 11:48:39,923 | INFO |  
2023-03-18 11:48:39,923 | INFO |  
2023-03-18 11:48:39,923 | INFO |  
2023-03-18 11:48:39,923 | INFO |  
2023-03-18 11:48:39,923 | INFO |  
2023-03-18 11:48:39,923 | INFO |  
2023-03-18 11:48:39,923 | INFO |  
2023-03-18 11:48:39,923 | INFO |  
2023-03-18 11:48:39,923 | INFO |  
2023-03-18 11:48:39,923 | INFO |  
2023-03-18 11:48:39,923 | INFO |  
2023-03-18 11:48:39,923 | INFO |  
2023-03-18 11:48:39,923 | INFO |  
2023-03-18 11:48:39,923 | INFO |  
2023-03-18 11:48:39,923 | INFO |  
2023-03-18 11:48:39,924 | INFO |  
2023-03-18 11:48:39,924 | INFO |  
2023-03-18 11:48:39,924 | INFO |  
2023-03-18 11:48:39,924 | INFO |  
2023-03-18 11:48:39,924 | INFO |  
2023-03-18 11:48:39,924 | INFO |  
2023-03-18 11:48:39,924 | INFO |  
2023-03-18 11:48:39,924 | INFO |  
2023-03-18 11:48:39,924 | INFO | 2
2023-03-18 11:48:39,924 | INFO |  
2023-03-18 11:48:39,924 | INFO |  
2023-03-18 11:48:39,924 | INFO |  
2023-03-18 11:48:39,924 | INFO |  
2023-03-18 11:48:39,924 | INFO |  
2023-03-18 11:48:39,924 | INFO |  
2023-03-18 11:48:39,924 | INFO |  
2023-03-18 11:48:39,924 | INFO |  
2023-03-18 11:48:39,924 | INFO |  
2023-03-18 11:48:39,924 | INFO |  
2023-03-18 11:48:39,924 | INFO |  
2023-03-18 11:48:39,924 | INFO |  
2023-03-18 11:48:39,924 | INFO |  
2023-03-18 11:48:39,924 | INFO |  
2023-03-18 11:48:39,924 | INFO |  
2023-03-18 11:48:39,924 | INFO |  
2023-03-18 11:48:39,924 | INFO |  
2023-03-18 11:48:39,924 | INFO |  
2023-03-18 11:48:39,924 | INFO |  
2023-03-18 11:48:39,924 | INFO |  
2023-03-18 11:48:39,924 | INFO |  
2023-03-18 11:48:39,924 | INFO |  
2023-03-18 11:48:39,924 | INFO |  
2023-03-18 11:48:39,924 | INFO |  
2023-03-18 11:48:39,924 | INFO |  
2023-03-18 11:48:39,924 | INFO |  
2023-03-18 11:48:39,924 | INFO |  
2023-03-18 11:48:39,924 | INFO |  
2023-03-18 11:48:39,924 | INFO |  
2023-03-18 11:48:39,924 | INFO |  
2023-03-18 11:48:39,925 | INFO | 2
2023-03-18 11:48:39,925 | INFO |  
2023-03-18 11:48:39,925 | INFO |  
2023-03-18 11:48:39,925 | INFO |  
2023-03-18 11:48:39,925 | INFO |  
2023-03-18 11:48:39,925 | INFO |  
2023-03-18 11:48:39,925 | INFO |  
2023-03-18 11:48:39,925 | INFO |  
2023-03-18 11:48:39,925 | INFO |  
2023-03-18 11:48:39,925 | INFO |  
2023-03-18 11:48:39,925 | INFO |  
2023-03-18 11:48:39,925 | INFO |  
2023-03-18 11:48:39,925 | INFO |  
2023-03-18 11:48:39,925 | INFO |  
2023-03-18 11:48:39,925 | INFO |  
2023-03-18 11:48:39,925 | INFO |  
2023-03-18 11:48:39,925 | INFO |  
2023-03-18 11:48:39,925 | INFO |  
2023-03-18 11:48:39,925 | INFO |  
2023-03-18 11:48:39,925 | INFO |  
2023-03-18 11:48:39,925 | INFO |  
2023-03-18 11:48:39,925 | INFO |  
2023-03-18 11:48:39,925 | INFO |  
2023-03-18 11:48:39,925 | INFO |  
2023-03-18 11:48:39,925 | INFO |  
2023-03-18 11:48:39,925 | INFO |  
2023-03-18 11:48:39,925 | INFO |  
2023-03-18 11:48:39,925 | INFO |  
2023-03-18 11:48:39,925 | INFO |  
2023-03-18 11:48:39,925 | INFO |  
2023-03-18 11:48:39,925 | INFO |  
2023-03-18 11:48:39,925 | INFO | 2
2023-03-18 11:48:39,925 | INFO |  
2023-03-18 11:48:39,925 | INFO |  
2023-03-18 11:48:39,925 | INFO |  
2023-03-18 11:48:39,925 | INFO |  
2023-03-18 11:48:39,925 | INFO |  
2023-03-18 11:48:39,925 | INFO |  
2023-03-18 11:48:39,926 | INFO |  
2023-03-18 11:48:39,926 | INFO |  
2023-03-18 11:48:39,926 | INFO |  
2023-03-18 11:48:39,926 | INFO |  
2023-03-18 11:48:39,926 | INFO |  
2023-03-18 11:48:39,926 | INFO |  
2023-03-18 11:48:39,926 | INFO |  
2023-03-18 11:48:39,926 | INFO |  
2023-03-18 11:48:39,926 | INFO |  
2023-03-18 11:48:39,926 | INFO |  
2023-03-18 11:48:39,926 | INFO |  
2023-03-18 11:48:39,926 | INFO |  
2023-03-18 11:48:39,926 | INFO |  
2023-03-18 11:48:39,926 | INFO |  
2023-03-18 11:48:39,926 | INFO |  
2023-03-18 11:48:39,926 | INFO |  
2023-03-18 11:48:39,926 | INFO |  
2023-03-18 11:48:39,926 | INFO |  
2023-03-18 11:48:39,926 | INFO |  
2023-03-18 11:48:39,926 | INFO |  
2023-03-18 11:48:39,926 | INFO |  
2023-03-18 11:48:39,926 | INFO |  
2023-03-18 11:48:39,926 | INFO |  
2023-03-18 11:48:39,926 | INFO |  
2023-03-18 11:48:40,930 | INFO | 2
2023-03-18 11:48:40,930 | INFO |  
2023-03-18 11:48:40,930 | INFO |  
2023-03-18 11:48:40,930 | INFO |  
2023-03-18 11:48:40,930 | INFO |  
2023-03-18 11:48:40,930 | INFO |  
2023-03-18 11:48:40,930 | INFO |  
2023-03-18 11:48:40,930 | INFO |  
2023-03-18 11:48:40,930 | INFO |  
2023-03-18 11:48:40,930 | INFO |  
2023-03-18 11:48:40,930 | INFO |  
2023-03-18 11:48:40,930 | INFO |  
2023-03-18 11:48:40,930 | INFO |  
2023-03-18 11:48:40,930 | INFO |  
2023-03-18 11:48:40,930 | INFO |  
2023-03-18 11:48:40,930 | INFO |  
2023-03-18 11:48:40,930 | INFO |  
2023-03-18 11:48:40,930 | INFO |  
2023-03-18 11:48:40,930 | INFO |  
2023-03-18 11:48:40,930 | INFO |  
2023-03-18 11:48:40,930 | INFO |  
2023-03-18 11:48:40,930 | INFO |  
2023-03-18 11:48:40,930 | INFO |  
2023-03-18 11:48:40,930 | INFO |  
2023-03-18 11:48:40,930 | INFO |  
2023-03-18 11:48:40,930 | INFO |  
2023-03-18 11:48:40,930 | INFO |  
2023-03-18 11:48:40,930 | INFO |  
2023-03-18 11:48:40,930 | INFO |  
2023-03-18 11:48:40,930 | INFO |  
2023-03-18 11:48:40,930 | INFO |  
2023-03-18 11:48:40,931 | INFO | 2
2023-03-18 11:48:40,931 | INFO |  
2023-03-18 11:48:40,931 | INFO |  
2023-03-18 11:48:40,931 | INFO |  
2023-03-18 11:48:40,931 | INFO |  
2023-03-18 11:48:40,931 | INFO |  
2023-03-18 11:48:40,931 | INFO |  
2023-03-18 11:48:40,931 | INFO |  
2023-03-18 11:48:40,931 | INFO |  
2023-03-18 11:48:40,931 | INFO |  
2023-03-18 11:48:40,931 | INFO |  
2023-03-18 11:48:40,931 | INFO |  
2023-03-18 11:48:40,931 | INFO |  
2023-03-18 11:48:40,931 | INFO |  
2023-03-18 11:48:40,931 | INFO |  
2023-03-18 11:48:40,931 | INFO |  
2023-03-18 11:48:40,931 | INFO |  
2023-03-18 11:48:40,931 | INFO |  
2023-03-18 11:48:40,931 | INFO |  
2023-03-18 11:48:40,931 | INFO |  
2023-03-18 11:48:40,931 | INFO |  
2023-03-18 11:48:40,931 | INFO |  
2023-03-18 11:48:40,931 | INFO |  
2023-03-18 11:48:40,931 | INFO |  
2023-03-18 11:48:40,931 | INFO |  
2023-03-18 11:48:40,931 | INFO |  
2023-03-18 11:48:40,931 | INFO |  
2023-03-18 11:48:40,931 | INFO |  
2023-03-18 11:48:40,931 | INFO |  
2023-03-18 11:48:40,931 | INFO |  
2023-03-18 11:48:40,931 | INFO |  
2023-03-18 11:48:40,931 | INFO | 2
2023-03-18 11:48:40,931 | INFO |  
2023-03-18 11:48:40,931 | INFO |  
2023-03-18 11:48:40,931 | INFO |  
2023-03-18 11:48:40,931 | INFO |  
2023-03-18 11:48:40,931 | INFO |  
2023-03-18 11:48:40,931 | INFO |  
2023-03-18 11:48:40,932 | INFO |  
2023-03-18 11:48:40,932 | INFO |  
2023-03-18 11:48:40,932 | INFO |  
2023-03-18 11:48:40,932 | INFO |  
2023-03-18 11:48:40,932 | INFO |  
2023-03-18 11:48:40,932 | INFO |  
2023-03-18 11:48:40,932 | INFO |  
2023-03-18 11:48:40,932 | INFO |  
2023-03-18 11:48:40,932 | INFO |  
2023-03-18 11:48:40,932 | INFO |  
2023-03-18 11:48:40,932 | INFO |  
2023-03-18 11:48:40,932 | INFO |  
2023-03-18 11:48:40,932 | INFO |  
2023-03-18 11:48:40,932 | INFO |  
2023-03-18 11:48:40,932 | INFO |  
2023-03-18 11:48:40,932 | INFO |  
2023-03-18 11:48:40,932 | INFO |  
2023-03-18 11:48:40,932 | INFO |  
2023-03-18 11:48:40,932 | INFO |  
2023-03-18 11:48:40,932 | INFO |  
2023-03-18 11:48:40,932 | INFO |  
2023-03-18 11:48:40,932 | INFO |  
2023-03-18 11:48:40,932 | INFO |  
2023-03-18 11:48:40,932 | INFO |  
2023-03-18 11:48:40,932 | INFO | 2
2023-03-18 11:48:40,932 | INFO |  
2023-03-18 11:48:40,932 | INFO |  
2023-03-18 11:48:40,932 | INFO |  
2023-03-18 11:48:40,932 | INFO |  
2023-03-18 11:48:40,932 | INFO |  
2023-03-18 11:48:40,932 | INFO |  
2023-03-18 11:48:40,932 | INFO |  
2023-03-18 11:48:40,932 | INFO |  
2023-03-18 11:48:40,932 | INFO |  
2023-03-18 11:48:40,932 | INFO |  
2023-03-18 11:48:40,932 | INFO |  
2023-03-18 11:48:40,932 | INFO |  
2023-03-18 11:48:40,932 | INFO |  
2023-03-18 11:48:40,933 | INFO |  
2023-03-18 11:48:40,933 | INFO |  
2023-03-18 11:48:40,933 | INFO |  
2023-03-18 11:48:40,933 | INFO |  
2023-03-18 11:48:40,933 | INFO |  
2023-03-18 11:48:40,933 | INFO |  
2023-03-18 11:48:40,933 | INFO |  
2023-03-18 11:48:40,933 | INFO |  
2023-03-18 11:48:40,933 | INFO |  
2023-03-18 11:48:40,933 | INFO |  
2023-03-18 11:48:40,933 | INFO |  
2023-03-18 11:48:40,933 | INFO |  
2023-03-18 11:48:40,933 | INFO |  
2023-03-18 11:48:40,933 | INFO |  
2023-03-18 11:48:40,933 | INFO |  
2023-03-18 11:48:40,933 | INFO |  
2023-03-18 11:48:40,933 | INFO |  
2023-03-18 11:48:40,933 | INFO | 2
2023-03-18 11:48:40,933 | INFO |  
2023-03-18 11:48:40,933 | INFO |  
2023-03-18 11:48:40,933 | INFO |  
2023-03-18 11:48:40,933 | INFO |  
2023-03-18 11:48:40,933 | INFO |  
2023-03-18 11:48:40,933 | INFO |  
2023-03-18 11:48:40,933 | INFO |  
2023-03-18 11:48:40,933 | INFO |  
2023-03-18 11:48:40,933 | INFO |  
2023-03-18 11:48:40,933 | INFO |  
2023-03-18 11:48:40,933 | INFO |  
2023-03-18 11:48:40,933 | INFO |  
2023-03-18 11:48:40,933 | INFO |  
2023-03-18 11:48:40,933 | INFO |  
2023-03-18 11:48:40,933 | INFO |  
2023-03-18 11:48:40,933 | INFO |  
2023-03-18 11:48:40,933 | INFO |  
2023-03-18 11:48:40,933 | INFO |  
2023-03-18 11:48:40,933 | INFO | x
2023-03-18 11:48:40,933 | INFO | x
2023-03-18 11:48:40,934 | INFO | x
2023-03-18 11:48:40,934 | INFO |  
2023-03-18 11:48:40,934 | INFO |  
2023-03-18 11:48:40,934 | INFO |  
2023-03-18 11:48:40,934 | INFO |  
2023-03-18 11:48:40,934 | INFO |  
2023-03-18 11:48:40,934 | INFO |  
2023-03-18 11:48:40,934 | INFO |  
2023-03-18 11:48:40,934 | INFO |  
2023-03-18 11:48:40,934 | INFO |  
2023-03-18 11:48:40,934 | INFO | 2
2023-03-18 11:48:40,934 | INFO |  
2023-03-18 11:48:40,934 | INFO |  
2023-03-18 11:48:40,934 | INFO |  
2023-03-18 11:48:40,934 | INFO |  
2023-03-18 11:48:40,934 | INFO |  
2023-03-18 11:48:40,934 | INFO |  
2023-03-18 11:48:40,934 | INFO |  
2023-03-18 11:48:40,934 | INFO |  
2023-03-18 11:48:40,934 | INFO |  
2023-03-18 11:48:40,934 | INFO |  
2023-03-18 11:48:40,934 | INFO |  
2023-03-18 11:48:40,934 | INFO |  
2023-03-18 11:48:40,934 | INFO |  
2023-03-18 11:48:40,934 | INFO |  
2023-03-18 11:48:40,934 | INFO |  
2023-03-18 11:48:40,934 | INFO |  
2023-03-18 11:48:40,934 | INFO |  
2023-03-18 11:48:40,934 | INFO |  
2023-03-18 11:48:40,934 | INFO |  
2023-03-18 11:48:40,934 | INFO |  
2023-03-18 11:48:40,934 | INFO |  
2023-03-18 11:48:40,934 | INFO |  
2023-03-18 11:48:40,934 | INFO |  
2023-03-18 11:48:40,934 | INFO |  
2023-03-18 11:48:40,934 | INFO |  
2023-03-18 11:48:40,934 | INFO |  
2023-03-18 11:48:40,934 | INFO |  
2023-03-18 11:48:40,934 | INFO |  
2023-03-18 11:48:40,935 | INFO |  
2023-03-18 11:48:40,935 | INFO |  
2023-03-18 11:48:40,935 | INFO | 2
2023-03-18 11:48:40,935 | INFO |  
2023-03-18 11:48:40,935 | INFO |  
2023-03-18 11:48:40,935 | INFO |  
2023-03-18 11:48:40,935 | INFO |  
2023-03-18 11:48:40,935 | INFO |  
2023-03-18 11:48:40,935 | INFO |  
2023-03-18 11:48:40,935 | INFO |  
2023-03-18 11:48:40,935 | INFO |  
2023-03-18 11:48:40,935 | INFO |  
2023-03-18 11:48:40,935 | INFO |  
2023-03-18 11:48:40,935 | INFO |  
2023-03-18 11:48:40,935 | INFO |  
2023-03-18 11:48:40,935 | INFO |  
2023-03-18 11:48:40,935 | INFO |  
2023-03-18 11:48:40,935 | INFO |  
2023-03-18 11:48:40,935 | INFO |  
2023-03-18 11:48:40,935 | INFO |  
2023-03-18 11:48:40,935 | INFO |  
2023-03-18 11:48:40,935 | INFO |  
2023-03-18 11:48:40,935 | INFO |  
2023-03-18 11:48:40,935 | INFO |  
2023-03-18 11:48:40,935 | INFO |  
2023-03-18 11:48:40,935 | INFO |  
2023-03-18 11:48:40,935 | INFO |  
2023-03-18 11:48:40,935 | INFO |  
2023-03-18 11:48:40,935 | INFO |  
2023-03-18 11:48:40,935 | INFO |  
2023-03-18 11:48:40,935 | INFO |  
2023-03-18 11:48:40,935 | INFO |  
2023-03-18 11:48:40,935 | INFO |  
2023-03-18 11:48:40,935 | INFO | 2
2023-03-18 11:48:40,935 | INFO |  
2023-03-18 11:48:40,935 | INFO |  
2023-03-18 11:48:40,935 | INFO |  
2023-03-18 11:48:40,935 | INFO |  
2023-03-18 11:48:40,936 | INFO |  
2023-03-18 11:48:40,936 | INFO |  
2023-03-18 11:48:40,936 | INFO |  
2023-03-18 11:48:40,936 | INFO |  
2023-03-18 11:48:40,936 | INFO |  
2023-03-18 11:48:40,936 | INFO |  
2023-03-18 11:48:40,936 | INFO |  
2023-03-18 11:48:40,936 | INFO |  
2023-03-18 11:48:40,936 | INFO |  
2023-03-18 11:48:40,936 | INFO |  
2023-03-18 11:48:40,936 | INFO |  
2023-03-18 11:48:40,936 | INFO |  
2023-03-18 11:48:40,936 | INFO |  
2023-03-18 11:48:40,936 | INFO |  
2023-03-18 11:48:40,936 | INFO |  
2023-03-18 11:48:40,936 | INFO |  
2023-03-18 11:48:40,936 | INFO |  
2023-03-18 11:48:40,936 | INFO |  
2023-03-18 11:48:40,936 | INFO |  
2023-03-18 11:48:40,936 | INFO |  
2023-03-18 11:48:40,936 | INFO |  
2023-03-18 11:48:40,936 | INFO |  
2023-03-18 11:48:40,936 | INFO |  
2023-03-18 11:48:40,936 | INFO |  
2023-03-18 11:48:40,936 | INFO |  
2023-03-18 11:48:40,936 | INFO |  
2023-03-18 11:48:40,936 | INFO | 2
2023-03-18 11:48:40,936 | INFO |  
2023-03-18 11:48:40,936 | INFO |  
2023-03-18 11:48:40,936 | INFO |  
2023-03-18 11:48:40,936 | INFO |  
2023-03-18 11:48:40,936 | INFO |  
2023-03-18 11:48:40,936 | INFO |  
2023-03-18 11:48:40,936 | INFO |  
2023-03-18 11:48:40,936 | INFO |  
2023-03-18 11:48:40,936 | INFO |  
2023-03-18 11:48:40,936 | INFO |  
2023-03-18 11:48:40,936 | INFO |  
2023-03-18 11:48:40,936 | INFO |  
2023-03-18 11:48:40,937 | INFO |  
2023-03-18 11:48:40,937 | INFO |  
2023-03-18 11:48:40,937 | INFO |  
2023-03-18 11:48:40,937 | INFO |  
2023-03-18 11:48:40,937 | INFO |  
2023-03-18 11:48:40,937 | INFO |  
2023-03-18 11:48:40,937 | INFO |  
2023-03-18 11:48:40,937 | INFO |  
2023-03-18 11:48:40,937 | INFO |  
2023-03-18 11:48:40,937 | INFO |  
2023-03-18 11:48:40,937 | INFO |  
2023-03-18 11:48:40,937 | INFO |  
2023-03-18 11:48:40,937 | INFO |  
2023-03-18 11:48:40,937 | INFO |  
2023-03-18 11:48:40,937 | INFO |  
2023-03-18 11:48:40,937 | INFO |  
2023-03-18 11:48:40,937 | INFO |  
2023-03-18 11:48:40,937 | INFO |  
2023-03-18 11:48:40,937 | INFO | 2
2023-03-18 11:48:40,937 | INFO |  
2023-03-18 11:48:40,937 | INFO |  
2023-03-18 11:48:40,937 | INFO |  
2023-03-18 11:48:40,937 | INFO |  
2023-03-18 11:48:40,937 | INFO |  
2023-03-18 11:48:40,937 | INFO |  
2023-03-18 11:48:40,937 | INFO |  
2023-03-18 11:48:40,937 | INFO |  
2023-03-18 11:48:40,937 | INFO |  
2023-03-18 11:48:40,937 | INFO |  
2023-03-18 11:48:40,937 | INFO |  
2023-03-18 11:48:40,937 | INFO |  
2023-03-18 11:48:40,937 | INFO |  
2023-03-18 11:48:40,937 | INFO |  
2023-03-18 11:48:40,937 | INFO |  
2023-03-18 11:48:40,937 | INFO |  
2023-03-18 11:48:40,937 | INFO |  
2023-03-18 11:48:40,937 | INFO |  
2023-03-18 11:48:40,937 | INFO |  
2023-03-18 11:48:40,938 | INFO |  
2023-03-18 11:48:40,938 | INFO |  
2023-03-18 11:48:40,938 | INFO |  
2023-03-18 11:48:40,938 | INFO |  
2023-03-18 11:48:40,938 | INFO |  
2023-03-18 11:48:40,938 | INFO |  
2023-03-18 11:48:40,938 | INFO |  
2023-03-18 11:48:40,938 | INFO |  
2023-03-18 11:48:40,938 | INFO |  
2023-03-18 11:48:40,938 | INFO |  
2023-03-18 11:48:40,938 | INFO |  
2023-03-18 11:48:41,941 | INFO | 2
2023-03-18 11:48:41,941 | INFO |  
2023-03-18 11:48:41,941 | INFO |  
2023-03-18 11:48:41,941 | INFO |  
2023-03-18 11:48:41,942 | INFO |  
2023-03-18 11:48:41,942 | INFO |  
2023-03-18 11:48:41,942 | INFO |  
2023-03-18 11:48:41,942 | INFO |  
2023-03-18 11:48:41,942 | INFO |  
2023-03-18 11:48:41,942 | INFO |  
2023-03-18 11:48:41,942 | INFO |  
2023-03-18 11:48:41,942 | INFO |  
2023-03-18 11:48:41,942 | INFO |  
2023-03-18 11:48:41,942 | INFO |  
2023-03-18 11:48:41,942 | INFO |  
2023-03-18 11:48:41,942 | INFO |  
2023-03-18 11:48:41,942 | INFO |  
2023-03-18 11:48:41,942 | INFO |  
2023-03-18 11:48:41,942 | INFO |  
2023-03-18 11:48:41,942 | INFO |  
2023-03-18 11:48:41,942 | INFO |  
2023-03-18 11:48:41,942 | INFO |  
2023-03-18 11:48:41,942 | INFO |  
2023-03-18 11:48:41,942 | INFO |  
2023-03-18 11:48:41,942 | INFO |  
2023-03-18 11:48:41,942 | INFO |  
2023-03-18 11:48:41,942 | INFO |  
2023-03-18 11:48:41,942 | INFO |  
2023-03-18 11:48:41,942 | INFO |  
2023-03-18 11:48:41,942 | INFO |  
2023-03-18 11:48:41,942 | INFO |  
2023-03-18 11:48:41,942 | INFO | 2
2023-03-18 11:48:41,942 | INFO |  
2023-03-18 11:48:41,942 | INFO |  
2023-03-18 11:48:41,942 | INFO |  
2023-03-18 11:48:41,942 | INFO |  
2023-03-18 11:48:41,942 | INFO |  
2023-03-18 11:48:41,942 | INFO |  
2023-03-18 11:48:41,942 | INFO |  
2023-03-18 11:48:41,942 | INFO |  
2023-03-18 11:48:41,942 | INFO |  
2023-03-18 11:48:41,942 | INFO |  
2023-03-18 11:48:41,943 | INFO |  
2023-03-18 11:48:41,943 | INFO |  
2023-03-18 11:48:41,943 | INFO |  
2023-03-18 11:48:41,943 | INFO |  
2023-03-18 11:48:41,943 | INFO |  
2023-03-18 11:48:41,943 | INFO |  
2023-03-18 11:48:41,943 | INFO |  
2023-03-18 11:48:41,943 | INFO |  
2023-03-18 11:48:41,943 | INFO |  
2023-03-18 11:48:41,943 | INFO |  
2023-03-18 11:48:41,943 | INFO |  
2023-03-18 11:48:41,943 | INFO |  
2023-03-18 11:48:41,943 | INFO |  
2023-03-18 11:48:41,943 | INFO |  
2023-03-18 11:48:41,943 | INFO |  
2023-03-18 11:48:41,943 | INFO |  
2023-03-18 11:48:41,943 | INFO |  
2023-03-18 11:48:41,943 | INFO |  
2023-03-18 11:48:41,943 | INFO |  
2023-03-18 11:48:41,943 | INFO |  
2023-03-18 11:48:41,943 | INFO | 2
2023-03-18 11:48:41,943 | INFO |  
2023-03-18 11:48:41,943 | INFO |  
2023-03-18 11:48:41,943 | INFO |  
2023-03-18 11:48:41,943 | INFO |  
2023-03-18 11:48:41,943 | INFO |  
2023-03-18 11:48:41,943 | INFO |  
2023-03-18 11:48:41,943 | INFO |  
2023-03-18 11:48:41,943 | INFO |  
2023-03-18 11:48:41,943 | INFO |  
2023-03-18 11:48:41,943 | INFO |  
2023-03-18 11:48:41,943 | INFO |  
2023-03-18 11:48:41,943 | INFO |  
2023-03-18 11:48:41,943 | INFO |  
2023-03-18 11:48:41,943 | INFO |  
2023-03-18 11:48:41,943 | INFO |  
2023-03-18 11:48:41,943 | INFO |  
2023-03-18 11:48:41,943 | INFO |  
2023-03-18 11:48:41,944 | INFO |  
2023-03-18 11:48:41,944 | INFO |  
2023-03-18 11:48:41,944 | INFO |  
2023-03-18 11:48:41,944 | INFO |  
2023-03-18 11:48:41,944 | INFO |  
2023-03-18 11:48:41,944 | INFO |  
2023-03-18 11:48:41,944 | INFO |  
2023-03-18 11:48:41,944 | INFO |  
2023-03-18 11:48:41,944 | INFO |  
2023-03-18 11:48:41,944 | INFO |  
2023-03-18 11:48:41,944 | INFO |  
2023-03-18 11:48:41,944 | INFO |  
2023-03-18 11:48:41,944 | INFO |  
2023-03-18 11:48:41,944 | INFO | 2
2023-03-18 11:48:41,944 | INFO |  
2023-03-18 11:48:41,944 | INFO |  
2023-03-18 11:48:41,944 | INFO |  
2023-03-18 11:48:41,944 | INFO |  
2023-03-18 11:48:41,944 | INFO |  
2023-03-18 11:48:41,944 | INFO |  
2023-03-18 11:48:41,944 | INFO |  
2023-03-18 11:48:41,944 | INFO |  
2023-03-18 11:48:41,944 | INFO |  
2023-03-18 11:48:41,944 | INFO |  
2023-03-18 11:48:41,944 | INFO |  
2023-03-18 11:48:41,944 | INFO |  
2023-03-18 11:48:41,944 | INFO |  
2023-03-18 11:48:41,944 | INFO |  
2023-03-18 11:48:41,944 | INFO |  
2023-03-18 11:48:41,944 | INFO |  
2023-03-18 11:48:41,944 | INFO |  
2023-03-18 11:48:41,944 | INFO |  
2023-03-18 11:48:41,944 | INFO |  
2023-03-18 11:48:41,944 | INFO |  
2023-03-18 11:48:41,944 | INFO |  
2023-03-18 11:48:41,944 | INFO |  
2023-03-18 11:48:41,944 | INFO |  
2023-03-18 11:48:41,944 | INFO |  
2023-03-18 11:48:41,945 | INFO |  
2023-03-18 11:48:41,945 | INFO |  
2023-03-18 11:48:41,945 | INFO |  
2023-03-18 11:48:41,945 | INFO |  
2023-03-18 11:48:41,945 | INFO |  
2023-03-18 11:48:41,945 | INFO |  
2023-03-18 11:48:41,945 | INFO | 2
2023-03-18 11:48:41,945 | INFO |  
2023-03-18 11:48:41,945 | INFO |  
2023-03-18 11:48:41,945 | INFO |  
2023-03-18 11:48:41,945 | INFO |  
2023-03-18 11:48:41,945 | INFO |  
2023-03-18 11:48:41,945 | INFO |  
2023-03-18 11:48:41,945 | INFO |  
2023-03-18 11:48:41,945 | INFO |  
2023-03-18 11:48:41,945 | INFO |  
2023-03-18 11:48:41,945 | INFO |  
2023-03-18 11:48:41,945 | INFO |  
2023-03-18 11:48:41,945 | INFO |  
2023-03-18 11:48:41,945 | INFO |  
2023-03-18 11:48:41,945 | INFO |  
2023-03-18 11:48:41,945 | INFO |  
2023-03-18 11:48:41,945 | INFO |  
2023-03-18 11:48:41,945 | INFO |  
2023-03-18 11:48:41,945 | INFO |  
2023-03-18 11:48:41,945 | INFO |  
2023-03-18 11:48:41,945 | INFO |  
2023-03-18 11:48:41,945 | INFO |  
2023-03-18 11:48:41,945 | INFO |  
2023-03-18 11:48:41,945 | INFO |  
2023-03-18 11:48:41,945 | INFO |  
2023-03-18 11:48:41,945 | INFO |  
2023-03-18 11:48:41,945 | INFO |  
2023-03-18 11:48:41,945 | INFO |  
2023-03-18 11:48:41,945 | INFO |  
2023-03-18 11:48:41,945 | INFO |  
2023-03-18 11:48:41,945 | INFO |  
2023-03-18 11:48:41,945 | INFO | 2
2023-03-18 11:48:41,945 | INFO |  
2023-03-18 11:48:41,946 | INFO |  
2023-03-18 11:48:41,946 | INFO |  
2023-03-18 11:48:41,946 | INFO |  
2023-03-18 11:48:41,946 | INFO |  
2023-03-18 11:48:41,946 | INFO |  
2023-03-18 11:48:41,946 | INFO |  
2023-03-18 11:48:41,946 | INFO |  
2023-03-18 11:48:41,946 | INFO |  
2023-03-18 11:48:41,946 | INFO |  
2023-03-18 11:48:41,946 | INFO |  
2023-03-18 11:48:41,946 | INFO |  
2023-03-18 11:48:41,946 | INFO |  
2023-03-18 11:48:41,946 | INFO |  
2023-03-18 11:48:41,946 | INFO |  
2023-03-18 11:48:41,946 | INFO |  
2023-03-18 11:48:41,946 | INFO |  
2023-03-18 11:48:41,946 | INFO |  
2023-03-18 11:48:41,946 | INFO | x
2023-03-18 11:48:41,946 | INFO | x
2023-03-18 11:48:41,946 | INFO | x
2023-03-18 11:48:41,946 | INFO |  
2023-03-18 11:48:41,946 | INFO |  
2023-03-18 11:48:41,946 | INFO |  
2023-03-18 11:48:41,946 | INFO |  
2023-03-18 11:48:41,946 | INFO |  
2023-03-18 11:48:41,946 | INFO |  
2023-03-18 11:48:41,946 | INFO |  
2023-03-18 11:48:41,946 | INFO |  
2023-03-18 11:48:41,946 | INFO |  
2023-03-18 11:48:41,946 | INFO | 2
2023-03-18 11:48:41,946 | INFO |  
2023-03-18 11:48:41,946 | INFO |  
2023-03-18 11:48:41,946 | INFO |  
2023-03-18 11:48:41,946 | INFO |  
2023-03-18 11:48:41,946 | INFO |  
2023-03-18 11:48:41,946 | INFO |  
2023-03-18 11:48:41,946 | INFO |  
2023-03-18 11:48:41,946 | INFO |  
2023-03-18 11:48:41,947 | INFO |  
2023-03-18 11:48:41,947 | INFO |  
2023-03-18 11:48:41,947 | INFO |  
2023-03-18 11:48:41,947 | INFO |  
2023-03-18 11:48:41,947 | INFO |  
2023-03-18 11:48:41,947 | INFO |  
2023-03-18 11:48:41,947 | INFO |  
2023-03-18 11:48:41,947 | INFO |  
2023-03-18 11:48:41,947 | INFO |  
2023-03-18 11:48:41,947 | INFO |  
2023-03-18 11:48:41,947 | INFO |  
2023-03-18 11:48:41,947 | INFO |  
2023-03-18 11:48:41,947 | INFO |  
2023-03-18 11:48:41,947 | INFO |  
2023-03-18 11:48:41,947 | INFO |  
2023-03-18 11:48:41,947 | INFO |  
2023-03-18 11:48:41,947 | INFO |  
2023-03-18 11:48:41,947 | INFO |  
2023-03-18 11:48:41,947 | INFO |  
2023-03-18 11:48:41,947 | INFO |  
2023-03-18 11:48:41,947 | INFO |  
2023-03-18 11:48:41,947 | INFO |  
2023-03-18 11:48:41,947 | INFO | 2
2023-03-18 11:48:41,947 | INFO |  
2023-03-18 11:48:41,947 | INFO |  
2023-03-18 11:48:41,947 | INFO |  
2023-03-18 11:48:41,947 | INFO |  
2023-03-18 11:48:41,947 | INFO |  
2023-03-18 11:48:41,947 | INFO |  
2023-03-18 11:48:41,947 | INFO |  
2023-03-18 11:48:41,947 | INFO |  
2023-03-18 11:48:41,947 | INFO |  
2023-03-18 11:48:41,947 | INFO |  
2023-03-18 11:48:41,947 | INFO |  
2023-03-18 11:48:41,947 | INFO |  
2023-03-18 11:48:41,947 | INFO |  
2023-03-18 11:48:41,947 | INFO |  
2023-03-18 11:48:41,947 | INFO |  
2023-03-18 11:48:41,947 | INFO |  
2023-03-18 11:48:41,948 | INFO |  
2023-03-18 11:48:41,948 | INFO |  
2023-03-18 11:48:41,948 | INFO |  
2023-03-18 11:48:41,948 | INFO |  
2023-03-18 11:48:41,948 | INFO |  
2023-03-18 11:48:41,948 | INFO |  
2023-03-18 11:48:41,948 | INFO |  
2023-03-18 11:48:41,948 | INFO |  
2023-03-18 11:48:41,948 | INFO |  
2023-03-18 11:48:41,948 | INFO |  
2023-03-18 11:48:41,948 | INFO |  
2023-03-18 11:48:41,948 | INFO |  
2023-03-18 11:48:41,948 | INFO |  
2023-03-18 11:48:41,948 | INFO |  
2023-03-18 11:48:41,948 | INFO | 2
2023-03-18 11:48:41,948 | INFO |  
2023-03-18 11:48:41,948 | INFO |  
2023-03-18 11:48:41,948 | INFO |  
2023-03-18 11:48:41,948 | INFO |  
2023-03-18 11:48:41,948 | INFO |  
2023-03-18 11:48:41,948 | INFO |  
2023-03-18 11:48:41,948 | INFO |  
2023-03-18 11:48:41,948 | INFO |  
2023-03-18 11:48:41,948 | INFO |  
2023-03-18 11:48:41,948 | INFO |  
2023-03-18 11:48:41,948 | INFO |  
2023-03-18 11:48:41,948 | INFO |  
2023-03-18 11:48:41,948 | INFO |  
2023-03-18 11:48:41,948 | INFO |  
2023-03-18 11:48:41,948 | INFO |  
2023-03-18 11:48:41,948 | INFO |  
2023-03-18 11:48:41,948 | INFO |  
2023-03-18 11:48:41,948 | INFO |  
2023-03-18 11:48:41,948 | INFO |  
2023-03-18 11:48:41,948 | INFO |  
2023-03-18 11:48:41,948 | INFO |  
2023-03-18 11:48:41,948 | INFO |  
2023-03-18 11:48:41,948 | INFO |  
2023-03-18 11:48:41,949 | INFO |  
2023-03-18 11:48:41,949 | INFO |  
2023-03-18 11:48:41,949 | INFO |  
2023-03-18 11:48:41,949 | INFO |  
2023-03-18 11:48:41,949 | INFO |  
2023-03-18 11:48:41,949 | INFO |  
2023-03-18 11:48:41,949 | INFO |  
2023-03-18 11:48:41,949 | INFO | 2
2023-03-18 11:48:41,949 | INFO |  
2023-03-18 11:48:41,949 | INFO |  
2023-03-18 11:48:41,949 | INFO |  
2023-03-18 11:48:41,949 | INFO |  
2023-03-18 11:48:41,949 | INFO |  
2023-03-18 11:48:41,949 | INFO |  
2023-03-18 11:48:41,949 | INFO |  
2023-03-18 11:48:41,949 | INFO |  
2023-03-18 11:48:41,949 | INFO |  
2023-03-18 11:48:41,949 | INFO |  
2023-03-18 11:48:41,949 | INFO |  
2023-03-18 11:48:41,949 | INFO |  
2023-03-18 11:48:41,949 | INFO |  
2023-03-18 11:48:41,949 | INFO |  
2023-03-18 11:48:41,949 | INFO |  
2023-03-18 11:48:41,949 | INFO |  
2023-03-18 11:48:41,949 | INFO |  
2023-03-18 11:48:41,949 | INFO |  
2023-03-18 11:48:41,949 | INFO |  
2023-03-18 11:48:41,949 | INFO |  
2023-03-18 11:48:41,949 | INFO |  
2023-03-18 11:48:41,949 | INFO |  
2023-03-18 11:48:41,949 | INFO |  
2023-03-18 11:48:41,949 | INFO |  
2023-03-18 11:48:41,949 | INFO |  
2023-03-18 11:48:41,949 | INFO |  
2023-03-18 11:48:41,949 | INFO |  
2023-03-18 11:48:41,949 | INFO |  
2023-03-18 11:48:41,949 | INFO |  
2023-03-18 11:48:41,949 | INFO |  
2023-03-18 11:48:42,953 | INFO | 2
2023-03-18 11:48:42,953 | INFO |  
2023-03-18 11:48:42,953 | INFO |  
2023-03-18 11:48:42,953 | INFO |  
2023-03-18 11:48:42,953 | INFO |  
2023-03-18 11:48:42,953 | INFO |  
2023-03-18 11:48:42,953 | INFO |  
2023-03-18 11:48:42,953 | INFO |  
2023-03-18 11:48:42,953 | INFO |  
2023-03-18 11:48:42,954 | INFO |  
2023-03-18 11:48:42,954 | INFO |  
2023-03-18 11:48:42,954 | INFO |  
2023-03-18 11:48:42,954 | INFO |  
2023-03-18 11:48:42,954 | INFO |  
2023-03-18 11:48:42,954 | INFO |  
2023-03-18 11:48:42,954 | INFO |  
2023-03-18 11:48:42,954 | INFO |  
2023-03-18 11:48:42,954 | INFO |  
2023-03-18 11:48:42,954 | INFO |  
2023-03-18 11:48:42,954 | INFO |  
2023-03-18 11:48:42,954 | INFO |  
2023-03-18 11:48:42,954 | INFO |  
2023-03-18 11:48:42,954 | INFO |  
2023-03-18 11:48:42,954 | INFO |  
2023-03-18 11:48:42,954 | INFO |  
2023-03-18 11:48:42,954 | INFO |  
2023-03-18 11:48:42,954 | INFO |  
2023-03-18 11:48:42,954 | INFO |  
2023-03-18 11:48:42,954 | INFO |  
2023-03-18 11:48:42,954 | INFO |  
2023-03-18 11:48:42,954 | INFO |  
2023-03-18 11:48:42,954 | INFO | 2
2023-03-18 11:48:42,954 | INFO |  
2023-03-18 11:48:42,954 | INFO |  
2023-03-18 11:48:42,954 | INFO |  
2023-03-18 11:48:42,954 | INFO |  
2023-03-18 11:48:42,954 | INFO |  
2023-03-18 11:48:42,954 | INFO |  
2023-03-18 11:48:42,954 | INFO |  
2023-03-18 11:48:42,954 | INFO |  
2023-03-18 11:48:42,954 | INFO |  
2023-03-18 11:48:42,954 | INFO |  
2023-03-18 11:48:42,954 | INFO |  
2023-03-18 11:48:42,954 | INFO |  
2023-03-18 11:48:42,954 | INFO |  
2023-03-18 11:48:42,954 | INFO |  
2023-03-18 11:48:42,954 | INFO |  
2023-03-18 11:48:42,954 | INFO |  
2023-03-18 11:48:42,955 | INFO |  
2023-03-18 11:48:42,955 | INFO |  
2023-03-18 11:48:42,955 | INFO |  
2023-03-18 11:48:42,955 | INFO |  
2023-03-18 11:48:42,955 | INFO |  
2023-03-18 11:48:42,955 | INFO |  
2023-03-18 11:48:42,955 | INFO |  
2023-03-18 11:48:42,955 | INFO |  
2023-03-18 11:48:42,955 | INFO |  
2023-03-18 11:48:42,955 | INFO |  
2023-03-18 11:48:42,955 | INFO |  
2023-03-18 11:48:42,955 | INFO |  
2023-03-18 11:48:42,955 | INFO |  
2023-03-18 11:48:42,955 | INFO |  
2023-03-18 11:48:42,955 | INFO | 2
2023-03-18 11:48:42,955 | INFO |  
2023-03-18 11:48:42,955 | INFO |  
2023-03-18 11:48:42,955 | INFO |  
2023-03-18 11:48:42,955 | INFO |  
2023-03-18 11:48:42,955 | INFO |  
2023-03-18 11:48:42,955 | INFO |  
2023-03-18 11:48:42,955 | INFO |  
2023-03-18 11:48:42,955 | INFO |  
2023-03-18 11:48:42,955 | INFO |  
2023-03-18 11:48:42,955 | INFO |  
2023-03-18 11:48:42,955 | INFO |  
2023-03-18 11:48:42,955 | INFO |  
2023-03-18 11:48:42,955 | INFO |  
2023-03-18 11:48:42,955 | INFO |  
2023-03-18 11:48:42,955 | INFO |  
2023-03-18 11:48:42,955 | INFO |  
2023-03-18 11:48:42,955 | INFO |  
2023-03-18 11:48:42,955 | INFO |  
2023-03-18 11:48:42,955 | INFO |  
2023-03-18 11:48:42,955 | INFO |  
2023-03-18 11:48:42,955 | INFO |  
2023-03-18 11:48:42,955 | INFO |  
2023-03-18 11:48:42,955 | INFO |  
2023-03-18 11:48:42,956 | INFO |  
2023-03-18 11:48:42,956 | INFO |  
2023-03-18 11:48:42,956 | INFO |  
2023-03-18 11:48:42,956 | INFO |  
2023-03-18 11:48:42,956 | INFO |  
2023-03-18 11:48:42,956 | INFO |  
2023-03-18 11:48:42,956 | INFO |  
2023-03-18 11:48:42,956 | INFO | 2
2023-03-18 11:48:42,956 | INFO |  
2023-03-18 11:48:42,956 | INFO |  
2023-03-18 11:48:42,956 | INFO |  
2023-03-18 11:48:42,956 | INFO |  
2023-03-18 11:48:42,956 | INFO |  
2023-03-18 11:48:42,956 | INFO |  
2023-03-18 11:48:42,956 | INFO |  
2023-03-18 11:48:42,956 | INFO |  
2023-03-18 11:48:42,956 | INFO |  
2023-03-18 11:48:42,956 | INFO |  
2023-03-18 11:48:42,956 | INFO |  
2023-03-18 11:48:42,956 | INFO |  
2023-03-18 11:48:42,956 | INFO |  
2023-03-18 11:48:42,956 | INFO |  
2023-03-18 11:48:42,956 | INFO |  
2023-03-18 11:48:42,956 | INFO |  
2023-03-18 11:48:42,956 | INFO |  
2023-03-18 11:48:42,956 | INFO |  
2023-03-18 11:48:42,956 | INFO |  
2023-03-18 11:48:42,956 | INFO |  
2023-03-18 11:48:42,956 | INFO |  
2023-03-18 11:48:42,956 | INFO |  
2023-03-18 11:48:42,956 | INFO |  
2023-03-18 11:48:42,956 | INFO |  
2023-03-18 11:48:42,956 | INFO |  
2023-03-18 11:48:42,956 | INFO |  
2023-03-18 11:48:42,956 | INFO |  
2023-03-18 11:48:42,956 | INFO |  
2023-03-18 11:48:42,956 | INFO |  
2023-03-18 11:48:42,956 | INFO |  
2023-03-18 11:48:42,956 | INFO | 2
2023-03-18 11:48:42,957 | INFO |  
2023-03-18 11:48:42,957 | INFO |  
2023-03-18 11:48:42,957 | INFO |  
2023-03-18 11:48:42,957 | INFO |  
2023-03-18 11:48:42,957 | INFO |  
2023-03-18 11:48:42,957 | INFO |  
2023-03-18 11:48:42,957 | INFO |  
2023-03-18 11:48:42,957 | INFO |  
2023-03-18 11:48:42,957 | INFO |  
2023-03-18 11:48:42,957 | INFO |  
2023-03-18 11:48:42,957 | INFO |  
2023-03-18 11:48:42,957 | INFO |  
2023-03-18 11:48:42,957 | INFO |  
2023-03-18 11:48:42,957 | INFO |  
2023-03-18 11:48:42,957 | INFO |  
2023-03-18 11:48:42,957 | INFO |  
2023-03-18 11:48:42,957 | INFO |  
2023-03-18 11:48:42,957 | INFO |  
2023-03-18 11:48:42,957 | INFO |  
2023-03-18 11:48:42,957 | INFO |  
2023-03-18 11:48:42,957 | INFO |  
2023-03-18 11:48:42,957 | INFO |  
2023-03-18 11:48:42,957 | INFO |  
2023-03-18 11:48:42,957 | INFO |  
2023-03-18 11:48:42,957 | INFO |  
2023-03-18 11:48:42,957 | INFO |  
2023-03-18 11:48:42,957 | INFO |  
2023-03-18 11:48:42,957 | INFO |  
2023-03-18 11:48:42,957 | INFO |  
2023-03-18 11:48:42,957 | INFO |  
2023-03-18 11:48:42,957 | INFO | 2
2023-03-18 11:48:42,957 | INFO |  
2023-03-18 11:48:42,957 | INFO |  
2023-03-18 11:48:42,957 | INFO |  
2023-03-18 11:48:42,957 | INFO |  
2023-03-18 11:48:42,957 | INFO |  
2023-03-18 11:48:42,957 | INFO |  
2023-03-18 11:48:42,957 | INFO |  
2023-03-18 11:48:42,958 | INFO |  
2023-03-18 11:48:42,958 | INFO |  
2023-03-18 11:48:42,958 | INFO |  
2023-03-18 11:48:42,958 | INFO |  
2023-03-18 11:48:42,958 | INFO |  
2023-03-18 11:48:42,958 | INFO |  
2023-03-18 11:48:42,958 | INFO |  
2023-03-18 11:48:42,958 | INFO |  
2023-03-18 11:48:42,958 | INFO |  
2023-03-18 11:48:42,958 | INFO |  
2023-03-18 11:48:42,958 | INFO |  
2023-03-18 11:48:42,958 | INFO |  
2023-03-18 11:48:42,958 | INFO |  
2023-03-18 11:48:42,958 | INFO |  
2023-03-18 11:48:42,958 | INFO |  
2023-03-18 11:48:42,958 | INFO |  
2023-03-18 11:48:42,958 | INFO |  
2023-03-18 11:48:42,958 | INFO |  
2023-03-18 11:48:42,958 | INFO |  
2023-03-18 11:48:42,958 | INFO |  
2023-03-18 11:48:42,958 | INFO |  
2023-03-18 11:48:42,958 | INFO |  
2023-03-18 11:48:42,958 | INFO |  
2023-03-18 11:48:42,958 | INFO | 2
2023-03-18 11:48:42,958 | INFO |  
2023-03-18 11:48:42,958 | INFO |  
2023-03-18 11:48:42,958 | INFO |  
2023-03-18 11:48:42,958 | INFO |  
2023-03-18 11:48:42,958 | INFO |  
2023-03-18 11:48:42,958 | INFO |  
2023-03-18 11:48:42,958 | INFO |  
2023-03-18 11:48:42,958 | INFO |  
2023-03-18 11:48:42,958 | INFO |  
2023-03-18 11:48:42,958 | INFO |  
2023-03-18 11:48:42,958 | INFO |  
2023-03-18 11:48:42,958 | INFO |  
2023-03-18 11:48:42,958 | INFO |  
2023-03-18 11:48:42,958 | INFO |  
2023-03-18 11:48:42,958 | INFO |  
2023-03-18 11:48:42,959 | INFO |  
2023-03-18 11:48:42,959 | INFO |  
2023-03-18 11:48:42,959 | INFO |  
2023-03-18 11:48:42,959 | INFO | x
2023-03-18 11:48:42,959 | INFO | x
2023-03-18 11:48:42,959 | INFO | x
2023-03-18 11:48:42,959 | INFO |  
2023-03-18 11:48:42,959 | INFO |  
2023-03-18 11:48:42,959 | INFO |  
2023-03-18 11:48:42,959 | INFO |  
2023-03-18 11:48:42,959 | INFO |  
2023-03-18 11:48:42,959 | INFO |  
2023-03-18 11:48:42,959 | INFO |  
2023-03-18 11:48:42,959 | INFO |  
2023-03-18 11:48:42,959 | INFO |  
2023-03-18 11:48:42,959 | INFO | 2
2023-03-18 11:48:42,959 | INFO |  
2023-03-18 11:48:42,959 | INFO |  
2023-03-18 11:48:42,959 | INFO |  
2023-03-18 11:48:42,959 | INFO |  
2023-03-18 11:48:42,959 | INFO |  
2023-03-18 11:48:42,959 | INFO |  
2023-03-18 11:48:42,959 | INFO |  
2023-03-18 11:48:42,959 | INFO |  
2023-03-18 11:48:42,959 | INFO |  
2023-03-18 11:48:42,959 | INFO |  
2023-03-18 11:48:42,959 | INFO |  
2023-03-18 11:48:42,959 | INFO |  
2023-03-18 11:48:42,959 | INFO |  
2023-03-18 11:48:42,959 | INFO |  
2023-03-18 11:48:42,959 | INFO |  
2023-03-18 11:48:42,959 | INFO |  
2023-03-18 11:48:42,959 | INFO |  
2023-03-18 11:48:42,959 | INFO |  
2023-03-18 11:48:42,959 | INFO |  
2023-03-18 11:48:42,959 | INFO |  
2023-03-18 11:48:42,959 | INFO |  
2023-03-18 11:48:42,959 | INFO |  
2023-03-18 11:48:42,960 | INFO |  
2023-03-18 11:48:42,960 | INFO |  
2023-03-18 11:48:42,960 | INFO |  
2023-03-18 11:48:42,960 | INFO |  
2023-03-18 11:48:42,960 | INFO |  
2023-03-18 11:48:42,960 | INFO |  
2023-03-18 11:48:42,960 | INFO |  
2023-03-18 11:48:42,960 | INFO |  
2023-03-18 11:48:42,960 | INFO | 2
2023-03-18 11:48:42,960 | INFO |  
2023-03-18 11:48:42,960 | INFO |  
2023-03-18 11:48:42,960 | INFO |  
2023-03-18 11:48:42,960 | INFO |  
2023-03-18 11:48:42,960 | INFO |  
2023-03-18 11:48:42,960 | INFO |  
2023-03-18 11:48:42,960 | INFO |  
2023-03-18 11:48:42,960 | INFO |  
2023-03-18 11:48:42,960 | INFO |  
2023-03-18 11:48:42,960 | INFO |  
2023-03-18 11:48:42,960 | INFO |  
2023-03-18 11:48:42,960 | INFO |  
2023-03-18 11:48:42,960 | INFO |  
2023-03-18 11:48:42,960 | INFO |  
2023-03-18 11:48:42,960 | INFO |  
2023-03-18 11:48:42,960 | INFO |  
2023-03-18 11:48:42,960 | INFO |  
2023-03-18 11:48:42,960 | INFO |  
2023-03-18 11:48:42,960 | INFO |  
2023-03-18 11:48:42,960 | INFO |  
2023-03-18 11:48:42,960 | INFO |  
2023-03-18 11:48:42,960 | INFO |  
2023-03-18 11:48:42,960 | INFO |  
2023-03-18 11:48:42,960 | INFO |  
2023-03-18 11:48:42,960 | INFO |  
2023-03-18 11:48:42,960 | INFO |  
2023-03-18 11:48:42,960 | INFO |  
2023-03-18 11:48:42,960 | INFO |  
2023-03-18 11:48:42,960 | INFO |  
2023-03-18 11:48:42,961 | INFO |  
2023-03-18 11:48:42,961 | INFO | 2
2023-03-18 11:48:42,961 | INFO |  
2023-03-18 11:48:42,961 | INFO |  
2023-03-18 11:48:42,961 | INFO |  
2023-03-18 11:48:42,961 | INFO |  
2023-03-18 11:48:42,961 | INFO |  
2023-03-18 11:48:42,961 | INFO |  
2023-03-18 11:48:42,961 | INFO |  
2023-03-18 11:48:42,961 | INFO |  
2023-03-18 11:48:42,961 | INFO |  
2023-03-18 11:48:42,961 | INFO |  
2023-03-18 11:48:42,961 | INFO |  
2023-03-18 11:48:42,961 | INFO |  
2023-03-18 11:48:42,961 | INFO |  
2023-03-18 11:48:42,961 | INFO |  
2023-03-18 11:48:42,961 | INFO |  
2023-03-18 11:48:42,961 | INFO |  
2023-03-18 11:48:42,961 | INFO |  
2023-03-18 11:48:42,961 | INFO |  
2023-03-18 11:48:42,961 | INFO |  
2023-03-18 11:48:42,961 | INFO |  
2023-03-18 11:48:42,961 | INFO |  
2023-03-18 11:48:42,961 | INFO |  
2023-03-18 11:48:42,961 | INFO |  
2023-03-18 11:48:42,961 | INFO |  
2023-03-18 11:48:42,961 | INFO |  
2023-03-18 11:48:42,961 | INFO |  
2023-03-18 11:48:42,961 | INFO |  
2023-03-18 11:48:42,961 | INFO |  
2023-03-18 11:48:42,961 | INFO |  
2023-03-18 11:48:42,961 | INFO |  
2023-03-18 11:48:43,965 | INFO | 2
2023-03-18 11:48:43,965 | INFO |  
2023-03-18 11:48:43,965 | INFO |  
2023-03-18 11:48:43,965 | INFO |  
2023-03-18 11:48:43,965 | INFO |  
2023-03-18 11:48:43,965 | INFO |  
2023-03-18 11:48:43,965 | INFO |  
2023-03-18 11:48:43,965 | INFO |  
2023-03-18 11:48:43,965 | INFO |  
2023-03-18 11:48:43,965 | INFO |  
2023-03-18 11:48:43,965 | INFO |  
2023-03-18 11:48:43,965 | INFO |  
2023-03-18 11:48:43,965 | INFO |  
2023-03-18 11:48:43,965 | INFO |  
2023-03-18 11:48:43,965 | INFO |  
2023-03-18 11:48:43,965 | INFO |  
2023-03-18 11:48:43,965 | INFO |  
2023-03-18 11:48:43,965 | INFO |  
2023-03-18 11:48:43,965 | INFO |  
2023-03-18 11:48:43,965 | INFO |  
2023-03-18 11:48:43,965 | INFO |  
2023-03-18 11:48:43,966 | INFO |  
2023-03-18 11:48:43,966 | INFO |  
2023-03-18 11:48:43,966 | INFO |  
2023-03-18 11:48:43,966 | INFO |  
2023-03-18 11:48:43,966 | INFO |  
2023-03-18 11:48:43,966 | INFO |  
2023-03-18 11:48:43,966 | INFO |  
2023-03-18 11:48:43,966 | INFO |  
2023-03-18 11:48:43,966 | INFO |  
2023-03-18 11:48:43,966 | INFO |  
2023-03-18 11:48:43,966 | INFO | 2
2023-03-18 11:48:43,966 | INFO |  
2023-03-18 11:48:43,966 | INFO |  
2023-03-18 11:48:43,966 | INFO |  
2023-03-18 11:48:43,966 | INFO |  
2023-03-18 11:48:43,966 | INFO |  
2023-03-18 11:48:43,966 | INFO |  
2023-03-18 11:48:43,966 | INFO |  
2023-03-18 11:48:43,966 | INFO |  
2023-03-18 11:48:43,966 | INFO |  
2023-03-18 11:48:43,966 | INFO |  
2023-03-18 11:48:43,966 | INFO |  
2023-03-18 11:48:43,966 | INFO |  
2023-03-18 11:48:43,966 | INFO |  
2023-03-18 11:48:43,966 | INFO |  
2023-03-18 11:48:43,966 | INFO |  
2023-03-18 11:48:43,966 | INFO |  
2023-03-18 11:48:43,966 | INFO |  
2023-03-18 11:48:43,966 | INFO |  
2023-03-18 11:48:43,966 | INFO |  
2023-03-18 11:48:43,966 | INFO |  
2023-03-18 11:48:43,966 | INFO |  
2023-03-18 11:48:43,966 | INFO |  
2023-03-18 11:48:43,966 | INFO |  
2023-03-18 11:48:43,966 | INFO |  
2023-03-18 11:48:43,966 | INFO |  
2023-03-18 11:48:43,966 | INFO |  
2023-03-18 11:48:43,966 | INFO |  
2023-03-18 11:48:43,967 | INFO |  
2023-03-18 11:48:43,967 | INFO |  
2023-03-18 11:48:43,967 | INFO |  
2023-03-18 11:48:43,967 | INFO | 2
2023-03-18 11:48:43,967 | INFO |  
2023-03-18 11:48:43,967 | INFO |  
2023-03-18 11:48:43,967 | INFO |  
2023-03-18 11:48:43,967 | INFO |  
2023-03-18 11:48:43,967 | INFO |  
2023-03-18 11:48:43,967 | INFO |  
2023-03-18 11:48:43,967 | INFO |  
2023-03-18 11:48:43,967 | INFO |  
2023-03-18 11:48:43,967 | INFO |  
2023-03-18 11:48:43,967 | INFO |  
2023-03-18 11:48:43,967 | INFO |  
2023-03-18 11:48:43,967 | INFO |  
2023-03-18 11:48:43,967 | INFO |  
2023-03-18 11:48:43,967 | INFO |  
2023-03-18 11:48:43,967 | INFO |  
2023-03-18 11:48:43,967 | INFO |  
2023-03-18 11:48:43,967 | INFO |  
2023-03-18 11:48:43,967 | INFO |  
2023-03-18 11:48:43,967 | INFO |  
2023-03-18 11:48:43,967 | INFO |  
2023-03-18 11:48:43,967 | INFO |  
2023-03-18 11:48:43,967 | INFO |  
2023-03-18 11:48:43,967 | INFO |  
2023-03-18 11:48:43,967 | INFO |  
2023-03-18 11:48:43,967 | INFO |  
2023-03-18 11:48:43,967 | INFO |  
2023-03-18 11:48:43,967 | INFO |  
2023-03-18 11:48:43,967 | INFO |  
2023-03-18 11:48:43,967 | INFO |  
2023-03-18 11:48:43,967 | INFO |  
2023-03-18 11:48:43,967 | INFO | 2
2023-03-18 11:48:43,967 | INFO |  
2023-03-18 11:48:43,967 | INFO |  
2023-03-18 11:48:43,968 | INFO |  
2023-03-18 11:48:43,968 | INFO |  
2023-03-18 11:48:43,968 | INFO |  
2023-03-18 11:48:43,968 | INFO |  
2023-03-18 11:48:43,968 | INFO |  
2023-03-18 11:48:43,968 | INFO |  
2023-03-18 11:48:43,968 | INFO |  
2023-03-18 11:48:43,968 | INFO |  
2023-03-18 11:48:43,968 | INFO |  
2023-03-18 11:48:43,968 | INFO |  
2023-03-18 11:48:43,968 | INFO |  
2023-03-18 11:48:43,968 | INFO |  
2023-03-18 11:48:43,968 | INFO |  
2023-03-18 11:48:43,968 | INFO |  
2023-03-18 11:48:43,968 | INFO |  
2023-03-18 11:48:43,968 | INFO |  
2023-03-18 11:48:43,968 | INFO |  
2023-03-18 11:48:43,968 | INFO |  
2023-03-18 11:48:43,968 | INFO |  
2023-03-18 11:48:43,968 | INFO |  
2023-03-18 11:48:43,968 | INFO |  
2023-03-18 11:48:43,968 | INFO |  
2023-03-18 11:48:43,968 | INFO |  
2023-03-18 11:48:43,968 | INFO |  
2023-03-18 11:48:43,968 | INFO |  
2023-03-18 11:48:43,968 | INFO |  
2023-03-18 11:48:43,968 | INFO |  
2023-03-18 11:48:43,968 | INFO |  
2023-03-18 11:48:43,968 | INFO | 2
2023-03-18 11:48:43,968 | INFO |  
2023-03-18 11:48:43,968 | INFO |  
2023-03-18 11:48:43,968 | INFO |  
2023-03-18 11:48:43,968 | INFO |  
2023-03-18 11:48:43,968 | INFO |  
2023-03-18 11:48:43,968 | INFO |  
2023-03-18 11:48:43,968 | INFO |  
2023-03-18 11:48:43,968 | INFO |  
2023-03-18 11:48:43,968 | INFO |  
2023-03-18 11:48:43,968 | INFO |  
2023-03-18 11:48:43,969 | INFO |  
2023-03-18 11:48:43,969 | INFO |  
2023-03-18 11:48:43,969 | INFO |  
2023-03-18 11:48:43,969 | INFO |  
2023-03-18 11:48:43,969 | INFO |  
2023-03-18 11:48:43,969 | INFO |  
2023-03-18 11:48:43,969 | INFO |  
2023-03-18 11:48:43,969 | INFO |  
2023-03-18 11:48:43,969 | INFO |  
2023-03-18 11:48:43,969 | INFO |  
2023-03-18 11:48:43,969 | INFO |  
2023-03-18 11:48:43,969 | INFO |  
2023-03-18 11:48:43,969 | INFO |  
2023-03-18 11:48:43,969 | INFO |  
2023-03-18 11:48:43,969 | INFO |  
2023-03-18 11:48:43,969 | INFO |  
2023-03-18 11:48:43,969 | INFO |  
2023-03-18 11:48:43,969 | INFO |  
2023-03-18 11:48:43,969 | INFO |  
2023-03-18 11:48:43,969 | INFO |  
2023-03-18 11:48:43,969 | INFO | 2
2023-03-18 11:48:43,969 | INFO |  
2023-03-18 11:48:43,969 | INFO |  
2023-03-18 11:48:43,969 | INFO |  
2023-03-18 11:48:43,969 | INFO |  
2023-03-18 11:48:43,969 | INFO |  
2023-03-18 11:48:43,969 | INFO |  
2023-03-18 11:48:43,969 | INFO |  
2023-03-18 11:48:43,969 | INFO |  
2023-03-18 11:48:43,969 | INFO |  
2023-03-18 11:48:43,969 | INFO |  
2023-03-18 11:48:43,969 | INFO |  
2023-03-18 11:48:43,969 | INFO |  
2023-03-18 11:48:43,969 | INFO |  
2023-03-18 11:48:43,969 | INFO |  
2023-03-18 11:48:43,969 | INFO |  
2023-03-18 11:48:43,969 | INFO |  
2023-03-18 11:48:43,969 | INFO |  
2023-03-18 11:48:43,970 | INFO |  
2023-03-18 11:48:43,970 | INFO |  
2023-03-18 11:48:43,970 | INFO |  
2023-03-18 11:48:43,970 | INFO |  
2023-03-18 11:48:43,970 | INFO |  
2023-03-18 11:48:43,970 | INFO |  
2023-03-18 11:48:43,970 | INFO |  
2023-03-18 11:48:43,970 | INFO |  
2023-03-18 11:48:43,970 | INFO |  
2023-03-18 11:48:43,970 | INFO |  
2023-03-18 11:48:43,970 | INFO |  
2023-03-18 11:48:43,970 | INFO |  
2023-03-18 11:48:43,970 | INFO |  
2023-03-18 11:48:43,970 | INFO | 2
2023-03-18 11:48:43,970 | INFO |  
2023-03-18 11:48:43,970 | INFO |  
2023-03-18 11:48:43,970 | INFO |  
2023-03-18 11:48:43,970 | INFO |  
2023-03-18 11:48:43,970 | INFO |  
2023-03-18 11:48:43,970 | INFO |  
2023-03-18 11:48:43,970 | INFO |  
2023-03-18 11:48:43,970 | INFO |  
2023-03-18 11:48:43,970 | INFO |  
2023-03-18 11:48:43,970 | INFO |  
2023-03-18 11:48:43,970 | INFO |  
2023-03-18 11:48:43,970 | INFO |  
2023-03-18 11:48:43,970 | INFO |  
2023-03-18 11:48:43,970 | INFO |  
2023-03-18 11:48:43,970 | INFO |  
2023-03-18 11:48:43,970 | INFO |  
2023-03-18 11:48:43,970 | INFO |  
2023-03-18 11:48:43,970 | INFO |  
2023-03-18 11:48:43,970 | INFO |  
2023-03-18 11:48:43,970 | INFO |  
2023-03-18 11:48:43,970 | INFO |  
2023-03-18 11:48:43,970 | INFO |  
2023-03-18 11:48:43,970 | INFO |  
2023-03-18 11:48:43,970 | INFO |  
2023-03-18 11:48:43,970 | INFO |  
2023-03-18 11:48:43,971 | INFO |  
2023-03-18 11:48:43,971 | INFO |  
2023-03-18 11:48:43,971 | INFO |  
2023-03-18 11:48:43,971 | INFO |  
2023-03-18 11:48:43,971 | INFO |  
2023-03-18 11:48:43,971 | INFO | 2
2023-03-18 11:48:43,971 | INFO |  
2023-03-18 11:48:43,971 | INFO |  
2023-03-18 11:48:43,971 | INFO |  
2023-03-18 11:48:43,971 | INFO |  
2023-03-18 11:48:43,971 | INFO |  
2023-03-18 11:48:43,971 | INFO |  
2023-03-18 11:48:43,971 | INFO |  
2023-03-18 11:48:43,971 | INFO |  
2023-03-18 11:48:43,971 | INFO |  
2023-03-18 11:48:43,971 | INFO |  
2023-03-18 11:48:43,971 | INFO |  
2023-03-18 11:48:43,971 | INFO |  
2023-03-18 11:48:43,971 | INFO |  
2023-03-18 11:48:43,971 | INFO |  
2023-03-18 11:48:43,971 | INFO |  
2023-03-18 11:48:43,971 | INFO |  
2023-03-18 11:48:43,971 | INFO |  
2023-03-18 11:48:43,971 | INFO |  
2023-03-18 11:48:43,971 | INFO | x
2023-03-18 11:48:43,971 | INFO | x
2023-03-18 11:48:43,971 | INFO | x
2023-03-18 11:48:43,971 | INFO |  
2023-03-18 11:48:43,971 | INFO |  
2023-03-18 11:48:43,971 | INFO |  
2023-03-18 11:48:43,971 | INFO |  
2023-03-18 11:48:43,971 | INFO |  
2023-03-18 11:48:43,971 | INFO |  
2023-03-18 11:48:43,971 | INFO |  
2023-03-18 11:48:43,971 | INFO |  
2023-03-18 11:48:43,971 | INFO |  
2023-03-18 11:48:43,971 | INFO | 2
2023-03-18 11:48:43,971 | INFO |  
2023-03-18 11:48:43,972 | INFO |  
2023-03-18 11:48:43,972 | INFO |  
2023-03-18 11:48:43,972 | INFO |  
2023-03-18 11:48:43,972 | INFO |  
2023-03-18 11:48:43,972 | INFO |  
2023-03-18 11:48:43,972 | INFO |  
2023-03-18 11:48:43,972 | INFO |  
2023-03-18 11:48:43,972 | INFO |  
2023-03-18 11:48:43,972 | INFO |  
2023-03-18 11:48:43,972 | INFO |  
2023-03-18 11:48:43,972 | INFO |  
2023-03-18 11:48:43,972 | INFO |  
2023-03-18 11:48:43,972 | INFO |  
2023-03-18 11:48:43,972 | INFO |  
2023-03-18 11:48:43,972 | INFO |  
2023-03-18 11:48:43,972 | INFO |  
2023-03-18 11:48:43,972 | INFO |  
2023-03-18 11:48:43,972 | INFO |  
2023-03-18 11:48:43,972 | INFO |  
2023-03-18 11:48:43,972 | INFO |  
2023-03-18 11:48:43,972 | INFO |  
2023-03-18 11:48:43,972 | INFO |  
2023-03-18 11:48:43,972 | INFO |  
2023-03-18 11:48:43,972 | INFO |  
2023-03-18 11:48:43,972 | INFO |  
2023-03-18 11:48:43,972 | INFO |  
2023-03-18 11:48:43,972 | INFO |  
2023-03-18 11:48:43,972 | INFO |  
2023-03-18 11:48:43,972 | INFO |  
2023-03-18 11:48:43,972 | INFO | 2
2023-03-18 11:48:43,972 | INFO |  
2023-03-18 11:48:43,972 | INFO |  
2023-03-18 11:48:43,972 | INFO |  
2023-03-18 11:48:43,972 | INFO |  
2023-03-18 11:48:43,972 | INFO |  
2023-03-18 11:48:43,972 | INFO |  
2023-03-18 11:48:43,972 | INFO |  
2023-03-18 11:48:43,972 | INFO |  
2023-03-18 11:48:43,973 | INFO |  
2023-03-18 11:48:43,973 | INFO |  
2023-03-18 11:48:43,973 | INFO |  
2023-03-18 11:48:43,973 | INFO |  
2023-03-18 11:48:43,973 | INFO |  
2023-03-18 11:48:43,973 | INFO |  
2023-03-18 11:48:43,973 | INFO |  
2023-03-18 11:48:43,973 | INFO |  
2023-03-18 11:48:43,973 | INFO |  
2023-03-18 11:48:43,973 | INFO |  
2023-03-18 11:48:43,973 | INFO |  
2023-03-18 11:48:43,973 | INFO |  
2023-03-18 11:48:43,973 | INFO |  
2023-03-18 11:48:43,973 | INFO |  
2023-03-18 11:48:43,973 | INFO |  
2023-03-18 11:48:43,973 | INFO |  
2023-03-18 11:48:43,973 | INFO |  
2023-03-18 11:48:43,973 | INFO |  
2023-03-18 11:48:43,973 | INFO |  
2023-03-18 11:48:43,973 | INFO |  
2023-03-18 11:48:43,973 | INFO |  
2023-03-18 11:48:43,973 | INFO |  
2023-03-18 11:53:30,236 | INFO | 1
2023-03-18 11:53:30,236 | INFO | 1
2023-03-18 11:53:30,236 | INFO | 1
2023-03-18 11:53:30,236 | INFO | 1
2023-03-18 11:53:30,236 | INFO | 1
2023-03-18 11:53:30,236 | INFO | 1
2023-03-18 11:53:30,236 | INFO | 1
2023-03-18 11:53:30,236 | INFO | 1
2023-03-18 11:53:30,237 | INFO | 1
2023-03-18 11:53:30,237 | INFO | 1
2023-03-18 11:53:30,237 | INFO | 1
2023-03-18 11:53:30,237 | INFO | 1
2023-03-18 11:53:30,237 | INFO | 1
2023-03-18 11:53:30,237 | INFO | 1
2023-03-18 11:53:30,237 | INFO | 1
2023-03-18 11:53:30,237 | INFO | 1
2023-03-18 11:53:30,237 | INFO | 1
2023-03-18 11:53:30,237 | INFO | 1
2023-03-18 11:53:30,237 | INFO | 1
2023-03-18 11:53:30,237 | INFO | 1
2023-03-18 11:53:30,237 | INFO | 1
2023-03-18 11:53:30,237 | INFO | 1
2023-03-18 11:53:30,238 | INFO | 1
2023-03-18 11:53:30,238 | INFO | 1
2023-03-18 11:53:30,238 | INFO | 1
2023-03-18 11:53:30,238 | INFO | 1
2023-03-18 11:53:30,238 | INFO | 1
2023-03-18 11:53:30,238 | INFO | 1
2023-03-18 11:53:30,238 | INFO | 1
2023-03-18 11:53:30,238 | INFO | 1
2023-03-18 11:53:31,242 | INFO | 1
2023-03-18 11:53:31,242 | INFO | 1
2023-03-18 11:53:31,242 | INFO | 1
2023-03-18 11:53:31,242 | INFO | 1
2023-03-18 11:53:31,242 | INFO | 1
2023-03-18 11:53:31,242 | INFO | 1
2023-03-18 11:53:31,242 | INFO | 1
2023-03-18 11:53:31,242 | INFO | 1
2023-03-18 11:53:31,242 | INFO | 1
2023-03-18 11:53:31,242 | INFO | 1
2023-03-18 11:53:31,242 | INFO | 1
2023-03-18 11:53:31,242 | INFO | 1
2023-03-18 11:53:31,243 | INFO | 1
2023-03-18 11:53:31,243 | INFO | 1
2023-03-18 11:53:31,243 | INFO | 1
2023-03-18 11:53:31,243 | INFO | 1
2023-03-18 11:53:31,243 | INFO | 1
2023-03-18 11:53:31,243 | INFO | 1
2023-03-18 11:53:31,243 | INFO | 1
2023-03-18 11:53:31,243 | INFO | 1
2023-03-18 11:53:31,243 | INFO | 1
2023-03-18 11:53:31,243 | INFO | 1
2023-03-18 11:53:31,243 | INFO | 1
2023-03-18 11:53:31,243 | INFO | 1
2023-03-18 11:53:31,243 | INFO | 1
2023-03-18 11:53:31,243 | INFO | 1
2023-03-18 11:53:31,243 | INFO | 1
2023-03-18 11:53:31,243 | INFO | 1
2023-03-18 11:53:31,243 | INFO | 1
2023-03-18 11:53:31,243 | INFO | 1
2023-03-18 11:53:32,247 | INFO | 1
2023-03-18 11:53:32,247 | INFO | 1
2023-03-18 11:53:32,247 | INFO | 1
2023-03-18 11:53:32,247 | INFO | 1
2023-03-18 11:53:32,247 | INFO | 1
2023-03-18 11:53:32,247 | INFO | 1
2023-03-18 11:53:32,247 | INFO | 1
2023-03-18 11:53:32,247 | INFO | 1
2023-03-18 11:53:32,247 | INFO | 1
2023-03-18 11:53:32,247 | INFO | 1
2023-03-18 11:53:32,247 | INFO | 1
2023-03-18 11:53:32,247 | INFO | 1
2023-03-18 11:53:32,247 | INFO | 1
2023-03-18 11:53:32,247 | INFO | 1
2023-03-18 11:53:32,247 | INFO | 1
2023-03-18 11:53:32,247 | INFO | 1
2023-03-18 11:53:32,247 | INFO | 1
2023-03-18 11:53:32,247 | INFO | 1
2023-03-18 11:53:32,247 | INFO | 1
2023-03-18 11:53:32,247 | INFO | 1
2023-03-18 11:53:32,247 | INFO | 1
2023-03-18 11:53:32,247 | INFO | 1
2023-03-18 11:53:32,248 | INFO | 1
2023-03-18 11:53:32,248 | INFO | 1
2023-03-18 11:53:32,248 | INFO | 1
2023-03-18 11:53:32,248 | INFO | 1
2023-03-18 11:53:32,248 | INFO | 1
2023-03-18 11:53:32,248 | INFO | 1
2023-03-18 11:53:32,248 | INFO | 1
2023-03-18 11:53:32,248 | INFO | 1
2023-03-18 11:53:33,252 | INFO | 1
2023-03-18 11:53:33,252 | INFO | 1
2023-03-18 11:53:33,252 | INFO | 1
2023-03-18 11:53:33,252 | INFO | 1
2023-03-18 11:53:33,252 | INFO | 1
2023-03-18 11:53:33,252 | INFO | 1
2023-03-18 11:53:33,252 | INFO | 1
2023-03-18 11:53:33,252 | INFO | 1
2023-03-18 11:53:33,252 | INFO | 1
2023-03-18 11:53:33,252 | INFO | 1
2023-03-18 11:53:33,252 | INFO | 1
2023-03-18 11:53:33,252 | INFO | 1
2023-03-18 11:53:33,252 | INFO | 1
2023-03-18 11:53:33,252 | INFO | 1
2023-03-18 11:53:33,252 | INFO | 1
2023-03-18 11:53:33,252 | INFO | 1
2023-03-18 11:53:33,252 | INFO | 1
2023-03-18 11:53:33,252 | INFO | 1
2023-03-18 11:53:33,252 | INFO | 1
2023-03-18 11:53:33,252 | INFO | 1
2023-03-18 11:53:33,252 | INFO | 1
2023-03-18 11:53:33,252 | INFO | 1
2023-03-18 11:53:33,252 | INFO | 1
2023-03-18 11:53:33,252 | INFO | 1
2023-03-18 11:53:33,252 | INFO | 1
2023-03-18 11:53:33,252 | INFO | 1
2023-03-18 11:53:33,252 | INFO | 1
2023-03-18 11:53:33,252 | INFO | 1
2023-03-18 11:53:33,252 | INFO | 1
2023-03-18 11:53:33,252 | INFO | 1
2023-03-18 11:53:34,256 | INFO | 1
2023-03-18 11:53:34,257 | INFO | 1
2023-03-18 11:53:34,257 | INFO | 1
2023-03-18 11:53:34,257 | INFO | 1
2023-03-18 11:53:34,257 | INFO | 1
2023-03-18 11:53:34,257 | INFO | 1
2023-03-18 11:53:34,257 | INFO | 1
2023-03-18 11:53:34,257 | INFO | 1
2023-03-18 11:53:34,257 | INFO | 1
2023-03-18 11:53:34,257 | INFO | 1
2023-03-18 11:53:34,257 | INFO | 1
2023-03-18 11:53:34,257 | INFO | 1
2023-03-18 11:53:34,257 | INFO | 1
2023-03-18 11:53:34,257 | INFO | 1
2023-03-18 11:53:34,257 | INFO | 1
2023-03-18 11:53:34,257 | INFO | 1
2023-03-18 11:53:34,257 | INFO | 1
2023-03-18 11:53:34,257 | INFO | 1
2023-03-18 11:53:34,257 | INFO | 1
2023-03-18 11:53:34,257 | INFO | 1
2023-03-18 11:53:34,257 | INFO | 1
2023-03-18 11:53:34,257 | INFO | 1
2023-03-18 11:53:34,257 | INFO | 1
2023-03-18 11:53:34,257 | INFO | 1
2023-03-18 11:53:34,257 | INFO | 1
2023-03-18 11:53:34,257 | INFO | 1
2023-03-18 11:53:34,257 | INFO | 1
2023-03-18 11:53:34,257 | INFO | 1
2023-03-18 11:53:34,257 | INFO | 1
2023-03-18 11:53:34,257 | INFO | 1
2023-03-18 11:53:35,261 | INFO | 1
2023-03-18 11:53:35,261 | INFO | 1
2023-03-18 11:53:35,261 | INFO | 1
2023-03-18 11:53:35,261 | INFO | 1
2023-03-18 11:53:35,262 | INFO | 1
2023-03-18 11:53:35,262 | INFO | 1
2023-03-18 11:53:35,262 | INFO | 1
2023-03-18 11:53:35,262 | INFO | 1
2023-03-18 11:53:35,262 | INFO | 1
2023-03-18 11:53:35,262 | INFO | 1
2023-03-18 11:53:35,262 | INFO | 1
2023-03-18 11:53:35,262 | INFO | 1
2023-03-18 11:53:35,262 | INFO | 1
2023-03-18 11:53:35,262 | INFO | 1
2023-03-18 11:53:35,262 | INFO | 1
2023-03-18 11:53:35,262 | INFO | 1
2023-03-18 11:53:35,262 | INFO | 1
2023-03-18 11:53:35,262 | INFO | 1
2023-03-18 11:53:35,262 | INFO | 1
2023-03-18 11:53:35,262 | INFO | 1
2023-03-18 11:53:35,262 | INFO | 1
2023-03-18 11:53:35,262 | INFO | 1
2023-03-18 11:53:35,262 | INFO | 1
2023-03-18 11:53:35,262 | INFO | 1
2023-03-18 11:53:35,262 | INFO | 1
2023-03-18 11:53:35,262 | INFO | 1
2023-03-18 11:53:35,262 | INFO | 1
2023-03-18 11:53:35,262 | INFO | 1
2023-03-18 11:53:35,262 | INFO | 1
2023-03-18 11:53:35,262 | INFO | 1
2023-03-18 12:20:52,889 | ERROR | Task exception was never retrieved
future: <Task finished name='Task-3' coro=<run_tetris() done, defined at /home/anshai/Documents/self/repos/pytris/pytris.py:43> exception=KeyboardInterrupt()>
Traceback (most recent call last):
  File "/home/anshai/Documents/self/repos/pytris/pytris.py", line 308, in <module>
    asyncio.run(main())
  File "/usr/lib/python3.10/asyncio/runners.py", line 44, in run
    return loop.run_until_complete(main)
  File "/usr/lib/python3.10/asyncio/base_events.py", line 636, in run_until_complete
    self.run_forever()
  File "/usr/lib/python3.10/asyncio/base_events.py", line 603, in run_forever
    self._run_once()
  File "/usr/lib/python3.10/asyncio/base_events.py", line 1906, in _run_once
    handle._run()
  File "/usr/lib/python3.10/asyncio/events.py", line 80, in _run
    self._context.run(self._callback, *self._args)
  File "/home/anshai/Documents/self/repos/pytris/pytris.py", line 46, in run_tetris
    await game.start()
  File "/home/anshai/Documents/self/repos/pytris/pytris.py", line 85, in start
    await self.do_cycle()
  File "/home/anshai/Documents/self/repos/pytris/pytris.py", line 92, in do_cycle
    self.render()
  File "/home/anshai/Documents/self/repos/pytris/pytris.py", line 123, in render
    current_char = 99 if self.is_any_tetrominoe_intersecting(
  File "/home/anshai/Documents/self/repos/pytris/pytris.py", line 181, in is_any_tetrominoe_intersecting
    if t.intersects(current_index):
  File "/home/anshai/Documents/self/repos/pytris/pytris.py", line 222, in intersects
    return any((c[0] == coords[0] and c[1] == coords[1]) for c in self.representation())
KeyboardInterrupt
